[2021-02-07 14:09:29.053] [exthost] [info] extension host started
[2021-02-07 14:09:29.391] [exthost] [info] ExtensionService#_doActivateExtension vscode.microsoft-authentication {"startup":false,"extensionId":{"value":"vscode.microsoft-authentication","_lower":"vscode.microsoft-authentication"},"activationEvent":"onAuthenticationRequest:microsoft"}
[2021-02-07 14:09:29.391] [exthost] [info] ExtensionService#loadCommonJSModule file:///usr/share/code/resources/app/extensions/microsoft-authentication/dist/extension.js
[2021-02-07 14:09:29.429] [exthost] [info] ExtensionService#_doActivateExtension aaron-bond.better-comments {"startup":false,"extensionId":{"value":"aaron-bond.better-comments","_lower":"aaron-bond.better-comments"},"activationEvent":"onLanguage:plaintext"}
[2021-02-07 14:09:29.430] [exthost] [info] ExtensionService#loadCommonJSModule file:///home/jake/.vscode/extensions/aaron-bond.better-comments-2.1.0/out/extension
[2021-02-07 14:09:29.444] [exthost] [info] ExtensionService#_doActivateExtension vscode.emmet {"startup":false,"extensionId":{"value":"vscode.emmet","_lower":"vscode.emmet"},"activationEvent":"onLanguage:html"}
[2021-02-07 14:09:29.444] [exthost] [info] ExtensionService#loadCommonJSModule file:///usr/share/code/resources/app/extensions/emmet/dist/node/emmetNodeMain
[2021-02-07 14:09:29.518] [exthost] [info] ExtensionService#_doActivateExtension vscode.html-language-features {"startup":false,"extensionId":{"value":"vscode.html-language-features","_lower":"vscode.html-language-features"},"activationEvent":"onLanguage:html"}
[2021-02-07 14:09:29.519] [exthost] [info] ExtensionService#loadCommonJSModule file:///usr/share/code/resources/app/extensions/html-language-features/client/dist/node/htmlClientMain
[2021-02-07 14:09:29.597] [exthost] [info] ExtensionService#_doActivateExtension vscode.debug-auto-launch {"startup":true,"extensionId":{"value":"vscode.debug-auto-launch","_lower":"vscode.debug-auto-launch"},"activationEvent":"*"}
[2021-02-07 14:09:29.599] [exthost] [info] ExtensionService#loadCommonJSModule file:///usr/share/code/resources/app/extensions/debug-auto-launch/dist/extension
[2021-02-07 14:09:29.634] [exthost] [info] ExtensionService#_doActivateExtension vscode.git {"startup":true,"extensionId":{"value":"vscode.github","_lower":"vscode.github"},"activationEvent":"*"}
[2021-02-07 14:09:29.635] [exthost] [info] ExtensionService#loadCommonJSModule file:///usr/share/code/resources/app/extensions/git/dist/main
[2021-02-07 14:09:29.778] [exthost] [info] ExtensionService#_doActivateExtension vscode.merge-conflict {"startup":true,"extensionId":{"value":"vscode.merge-conflict","_lower":"vscode.merge-conflict"},"activationEvent":"*"}
[2021-02-07 14:09:29.779] [exthost] [info] ExtensionService#loadCommonJSModule file:///usr/share/code/resources/app/extensions/merge-conflict/dist/mergeConflictMain
[2021-02-07 14:09:29.797] [exthost] [info] ExtensionService#_doActivateExtension vscode.search-result {"startup":true,"extensionId":{"value":"vscode.search-result","_lower":"vscode.search-result"},"activationEvent":"*"}
[2021-02-07 14:09:29.798] [exthost] [info] ExtensionService#loadCommonJSModule file:///usr/share/code/resources/app/extensions/search-result/dist/extension.js
[2021-02-07 14:09:29.810] [exthost] [info] ExtensionService#_doActivateExtension christian-kohler.path-intellisense {"startup":true,"extensionId":{"value":"christian-kohler.path-intellisense","_lower":"christian-kohler.path-intellisense"},"activationEvent":"*"}
[2021-02-07 14:09:29.811] [exthost] [info] ExtensionService#loadCommonJSModule file:///home/jake/.vscode/extensions/christian-kohler.path-intellisense-2.3.0/out/extension.js
[2021-02-07 14:09:29.891] [exthost] [info] ExtensionService#_doActivateExtension Equinusocio.vsc-material-theme {"startup":true,"extensionId":{"value":"Equinusocio.vsc-material-theme","_lower":"equinusocio.vsc-material-theme"},"activationEvent":"*"}
[2021-02-07 14:09:29.891] [exthost] [info] ExtensionService#loadCommonJSModule file:///home/jake/.vscode/extensions/equinusocio.vsc-material-theme-33.1.2/build/material.theme.config
[2021-02-07 14:09:29.921] [exthost] [info] ExtensionService#_doActivateExtension equinusocio.vsc-material-theme-icons {"startup":true,"extensionId":{"value":"equinusocio.vsc-material-theme-icons","_lower":"equinusocio.vsc-material-theme-icons"},"activationEvent":"*"}
[2021-02-07 14:09:29.921] [exthost] [info] ExtensionService#loadCommonJSModule file:///home/jake/.vscode/extensions/equinusocio.vsc-material-theme-icons-1.2.2/out/src/extension
[2021-02-07 14:09:29.956] [exthost] [info] ExtensionService#_doActivateExtension formulahendry.auto-close-tag {"startup":true,"extensionId":{"value":"formulahendry.auto-close-tag","_lower":"formulahendry.auto-close-tag"},"activationEvent":"*"}
[2021-02-07 14:09:29.956] [exthost] [info] ExtensionService#loadCommonJSModule file:///home/jake/.vscode/extensions/formulahendry.auto-close-tag-0.5.10/out/src/extension
[2021-02-07 14:09:29.960] [exthost] [info] ExtensionService#_doActivateExtension icrawl.discord-vscode {"startup":true,"extensionId":{"value":"icrawl.discord-vscode","_lower":"icrawl.discord-vscode"},"activationEvent":"*"}
[2021-02-07 14:09:29.960] [exthost] [info] ExtensionService#loadCommonJSModule file:///home/jake/.vscode/extensions/icrawl.discord-vscode-4.1.0/dist/extension
[2021-02-07 14:09:29.998] [exthost] [info] ExtensionService#_doActivateExtension PKief.material-icon-theme {"startup":true,"extensionId":{"value":"PKief.material-icon-theme","_lower":"pkief.material-icon-theme"},"activationEvent":"*"}
[2021-02-07 14:09:29.998] [exthost] [info] ExtensionService#loadCommonJSModule file:///home/jake/.vscode/extensions/pkief.material-icon-theme-4.5.0/dist/extension
[2021-02-07 14:09:30.017] [exthost] [info] ExtensionService#_doActivateExtension pranaygp.vscode-css-peek {"startup":true,"extensionId":{"value":"pranaygp.vscode-css-peek","_lower":"pranaygp.vscode-css-peek"},"activationEvent":"*"}
[2021-02-07 14:09:30.017] [exthost] [info] ExtensionService#loadCommonJSModule file:///home/jake/.vscode/extensions/pranaygp.vscode-css-peek-4.0.2/client/out/extension
[2021-02-07 14:09:30.109] [exthost] [info] ExtensionService#_doActivateExtension ritwickdey.LiveServer {"startup":true,"extensionId":{"value":"ritwickdey.LiveServer","_lower":"ritwickdey.liveserver"},"activationEvent":"*"}
[2021-02-07 14:09:30.109] [exthost] [info] ExtensionService#loadCommonJSModule file:///home/jake/.vscode/extensions/ritwickdey.liveserver-5.6.1/out/src/extension
[2021-02-07 14:09:30.996] [exthost] [info] ExtensionService#_doActivateExtension vscode-icons-team.vscode-icons {"startup":true,"extensionId":{"value":"vscode-icons-team.vscode-icons","_lower":"vscode-icons-team.vscode-icons"},"activationEvent":"*"}
[2021-02-07 14:09:30.996] [exthost] [info] ExtensionService#loadCommonJSModule file:///home/jake/.vscode/extensions/vscode-icons-team.vscode-icons-11.1.0/dist/src/vscode-icons.bundle.js
[2021-02-07 14:09:31.023] [exthost] [info] ExtensionService#_doActivateExtension Zignd.html-css-class-completion {"startup":true,"extensionId":{"value":"Zignd.html-css-class-completion","_lower":"zignd.html-css-class-completion"},"activationEvent":"*"}
[2021-02-07 14:09:31.023] [exthost] [info] ExtensionService#loadCommonJSModule file:///home/jake/.vscode/extensions/zignd.html-css-class-completion-1.20.0/dist/extension.js
[2021-02-07 14:09:31.619] [exthost] [info] ExtensionService#_doActivateExtension ms-vscode.js-debug {"startup":false,"extensionId":{"value":"ms-vscode.js-debug","_lower":"ms-vscode.js-debug"},"activationEvent":"onCommand:extension.js-debug.clearAutoAttachVariables"}
[2021-02-07 14:09:31.620] [exthost] [info] ExtensionService#loadCommonJSModule file:///usr/share/code/resources/app/extensions/ms-vscode.js-debug/src/extension.js
[2021-02-07 14:09:31.953] [exthost] [info] ExtensionService#_doActivateExtension vscode.github {"startup":false,"extensionId":{"value":"vscode.github","_lower":"vscode.github"},"activationEvent":"*"}
[2021-02-07 14:09:31.953] [exthost] [info] ExtensionService#loadCommonJSModule file:///usr/share/code/resources/app/extensions/github/dist/extension.js
[2021-02-07 14:09:32.609] [exthost] [info] ExtensionService#_doActivateExtension vscode.github-authentication {"startup":false,"extensionId":{"value":"vscode.github-authentication","_lower":"vscode.github-authentication"},"activationEvent":"onAuthenticationRequest:github"}
[2021-02-07 14:09:32.609] [exthost] [info] ExtensionService#loadCommonJSModule file:///usr/share/code/resources/app/extensions/github-authentication/dist/extension.js
[2021-02-07 14:09:36.644] [exthost] [info] eager extensions activated
[2021-02-07 14:09:36.646] [exthost] [info] ExtensionService#_doActivateExtension dbaeumer.vscode-eslint {"startup":false,"extensionId":{"value":"dbaeumer.vscode-eslint","_lower":"dbaeumer.vscode-eslint"},"activationEvent":"onStartupFinished"}
[2021-02-07 14:09:36.646] [exthost] [info] ExtensionService#loadCommonJSModule file:///home/jake/.vscode/extensions/dbaeumer.vscode-eslint-2.1.14/client/out/extension
[2021-02-07 14:09:36.666] [exthost] [info] ExtensionService#_doActivateExtension eamodio.gitlens {"startup":false,"extensionId":{"value":"eamodio.gitlens","_lower":"eamodio.gitlens"},"activationEvent":"onStartupFinished"}
[2021-02-07 14:09:36.666] [exthost] [info] ExtensionService#loadCommonJSModule file:///home/jake/.vscode/extensions/eamodio.gitlens-11.1.3/dist/gitlens
[2021-02-07 14:09:36.730] [exthost] [info] ExtensionService#_doActivateExtension esbenp.prettier-vscode {"startup":false,"extensionId":{"value":"esbenp.prettier-vscode","_lower":"esbenp.prettier-vscode"},"activationEvent":"onStartupFinished"}
[2021-02-07 14:09:36.730] [exthost] [info] ExtensionService#loadCommonJSModule file:///home/jake/.vscode/extensions/esbenp.prettier-vscode-5.8.0/dist/extension
[2021-02-07 14:09:36.830] [exthost] [info] ExtensionService#_doActivateExtension GitHub.vscode-pull-request-github {"startup":false,"extensionId":{"value":"GitHub.vscode-pull-request-github","_lower":"github.vscode-pull-request-github"},"activationEvent":"onStartupFinished"}
[2021-02-07 14:09:36.830] [exthost] [info] ExtensionService#loadCommonJSModule file:///home/jake/.vscode/extensions/github.vscode-pull-request-github-0.22.0/media/extension
[2021-02-07 14:09:59.300] [exthost] [info] extension host started
[2021-02-07 14:09:59.346] [exthost] [info] ExtensionService#_doActivateExtension vscode.microsoft-authentication {"startup":false,"extensionId":{"value":"vscode.microsoft-authentication","_lower":"vscode.microsoft-authentication"},"activationEvent":"onAuthenticationRequest:microsoft"}
[2021-02-07 14:09:59.346] [exthost] [info] ExtensionService#loadCommonJSModule file:///usr/share/code/resources/app/extensions/microsoft-authentication/dist/extension.js
[2021-02-07 14:09:59.361] [exthost] [info] ExtensionService#_doActivateExtension vscode.debug-auto-launch {"startup":true,"extensionId":{"value":"vscode.debug-auto-launch","_lower":"vscode.debug-auto-launch"},"activationEvent":"*"}
[2021-02-07 14:09:59.361] [exthost] [info] ExtensionService#loadCommonJSModule file:///usr/share/code/resources/app/extensions/debug-auto-launch/dist/extension
[2021-02-07 14:09:59.366] [exthost] [info] ExtensionService#_doActivateExtension vscode.emmet {"startup":true,"extensionId":{"value":"vscode.emmet","_lower":"vscode.emmet"},"activationEvent":"*"}
[2021-02-07 14:09:59.366] [exthost] [info] ExtensionService#loadCommonJSModule file:///usr/share/code/resources/app/extensions/emmet/dist/node/emmetNodeMain
[2021-02-07 14:09:59.391] [exthost] [info] ExtensionService#_doActivateExtension vscode.git {"startup":true,"extensionId":{"value":"vscode.github","_lower":"vscode.github"},"activationEvent":"*"}
[2021-02-07 14:09:59.391] [exthost] [info] ExtensionService#loadCommonJSModule file:///usr/share/code/resources/app/extensions/git/dist/main
[2021-02-07 14:09:59.418] [exthost] [info] ExtensionService#_doActivateExtension vscode.merge-conflict {"startup":true,"extensionId":{"value":"vscode.merge-conflict","_lower":"vscode.merge-conflict"},"activationEvent":"*"}
[2021-02-07 14:09:59.418] [exthost] [info] ExtensionService#loadCommonJSModule file:///usr/share/code/resources/app/extensions/merge-conflict/dist/mergeConflictMain
[2021-02-07 14:09:59.421] [exthost] [info] ExtensionService#_doActivateExtension vscode.search-result {"startup":true,"extensionId":{"value":"vscode.search-result","_lower":"vscode.search-result"},"activationEvent":"*"}
[2021-02-07 14:09:59.422] [exthost] [info] ExtensionService#loadCommonJSModule file:///usr/share/code/resources/app/extensions/search-result/dist/extension.js
[2021-02-07 14:09:59.423] [exthost] [info] ExtensionService#_doActivateExtension christian-kohler.path-intellisense {"startup":true,"extensionId":{"value":"christian-kohler.path-intellisense","_lower":"christian-kohler.path-intellisense"},"activationEvent":"*"}
[2021-02-07 14:09:59.423] [exthost] [info] ExtensionService#loadCommonJSModule file:///home/jake/.vscode/extensions/christian-kohler.path-intellisense-2.3.0/out/extension.js
[2021-02-07 14:09:59.443] [exthost] [info] ExtensionService#_doActivateExtension Equinusocio.vsc-material-theme {"startup":true,"extensionId":{"value":"Equinusocio.vsc-material-theme","_lower":"equinusocio.vsc-material-theme"},"activationEvent":"*"}
[2021-02-07 14:09:59.443] [exthost] [info] ExtensionService#loadCommonJSModule file:///home/jake/.vscode/extensions/equinusocio.vsc-material-theme-33.1.2/build/material.theme.config
[2021-02-07 14:09:59.459] [exthost] [info] ExtensionService#_doActivateExtension equinusocio.vsc-material-theme-icons {"startup":true,"extensionId":{"value":"equinusocio.vsc-material-theme-icons","_lower":"equinusocio.vsc-material-theme-icons"},"activationEvent":"*"}
[2021-02-07 14:09:59.459] [exthost] [info] ExtensionService#loadCommonJSModule file:///home/jake/.vscode/extensions/equinusocio.vsc-material-theme-icons-1.2.2/out/src/extension
[2021-02-07 14:09:59.473] [exthost] [info] ExtensionService#_doActivateExtension formulahendry.auto-close-tag {"startup":true,"extensionId":{"value":"formulahendry.auto-close-tag","_lower":"formulahendry.auto-close-tag"},"activationEvent":"*"}
[2021-02-07 14:09:59.473] [exthost] [info] ExtensionService#loadCommonJSModule file:///home/jake/.vscode/extensions/formulahendry.auto-close-tag-0.5.10/out/src/extension
[2021-02-07 14:09:59.475] [exthost] [info] ExtensionService#_doActivateExtension icrawl.discord-vscode {"startup":true,"extensionId":{"value":"icrawl.discord-vscode","_lower":"icrawl.discord-vscode"},"activationEvent":"*"}
[2021-02-07 14:09:59.475] [exthost] [info] ExtensionService#loadCommonJSModule file:///home/jake/.vscode/extensions/icrawl.discord-vscode-4.1.0/dist/extension
[2021-02-07 14:09:59.485] [exthost] [info] ExtensionService#_doActivateExtension ms-vscode.cpptools {"startup":true,"extensionId":{"value":"ms-vscode.cpptools","_lower":"ms-vscode.cpptools"},"activationEvent":"*"}
[2021-02-07 14:09:59.485] [exthost] [info] ExtensionService#loadCommonJSModule file:///home/jake/.vscode/extensions/ms-vscode.cpptools-1.2.0/dist/main
[2021-02-07 14:09:59.620] [exthost] [info] ExtensionService#_doActivateExtension PKief.material-icon-theme {"startup":true,"extensionId":{"value":"PKief.material-icon-theme","_lower":"pkief.material-icon-theme"},"activationEvent":"*"}
[2021-02-07 14:09:59.620] [exthost] [info] ExtensionService#loadCommonJSModule file:///home/jake/.vscode/extensions/pkief.material-icon-theme-4.5.0/dist/extension
[2021-02-07 14:09:59.634] [exthost] [info] ExtensionService#_doActivateExtension pranaygp.vscode-css-peek {"startup":true,"extensionId":{"value":"pranaygp.vscode-css-peek","_lower":"pranaygp.vscode-css-peek"},"activationEvent":"*"}
[2021-02-07 14:09:59.634] [exthost] [info] ExtensionService#loadCommonJSModule file:///home/jake/.vscode/extensions/pranaygp.vscode-css-peek-4.0.2/client/out/extension
[2021-02-07 14:09:59.696] [exthost] [info] ExtensionService#_doActivateExtension ritwickdey.LiveServer {"startup":true,"extensionId":{"value":"ritwickdey.LiveServer","_lower":"ritwickdey.liveserver"},"activationEvent":"*"}
[2021-02-07 14:09:59.696] [exthost] [info] ExtensionService#loadCommonJSModule file:///home/jake/.vscode/extensions/ritwickdey.liveserver-5.6.1/out/src/extension
[2021-02-07 14:10:00.220] [exthost] [info] ExtensionService#_doActivateExtension vscode-icons-team.vscode-icons {"startup":true,"extensionId":{"value":"vscode-icons-team.vscode-icons","_lower":"vscode-icons-team.vscode-icons"},"activationEvent":"*"}
[2021-02-07 14:10:00.220] [exthost] [info] ExtensionService#loadCommonJSModule file:///home/jake/.vscode/extensions/vscode-icons-team.vscode-icons-11.1.0/dist/src/vscode-icons.bundle.js
[2021-02-07 14:10:00.250] [exthost] [info] ExtensionService#_doActivateExtension Zignd.html-css-class-completion {"startup":true,"extensionId":{"value":"Zignd.html-css-class-completion","_lower":"zignd.html-css-class-completion"},"activationEvent":"*"}
[2021-02-07 14:10:00.251] [exthost] [info] ExtensionService#loadCommonJSModule file:///home/jake/.vscode/extensions/zignd.html-css-class-completion-1.20.0/dist/extension.js
[2021-02-07 14:10:00.893] [exthost] [info] ExtensionService#_doActivateExtension ms-vscode.js-debug {"startup":false,"extensionId":{"value":"ms-vscode.js-debug","_lower":"ms-vscode.js-debug"},"activationEvent":"onCommand:extension.js-debug.clearAutoAttachVariables"}
[2021-02-07 14:10:00.893] [exthost] [info] ExtensionService#loadCommonJSModule file:///usr/share/code/resources/app/extensions/ms-vscode.js-debug/src/extension.js
[2021-02-07 14:10:01.003] [exthost] [info] ExtensionService#_doActivateExtension vscode.github {"startup":false,"extensionId":{"value":"vscode.github","_lower":"vscode.github"},"activationEvent":"*"}
[2021-02-07 14:10:01.003] [exthost] [info] ExtensionService#loadCommonJSModule file:///usr/share/code/resources/app/extensions/github/dist/extension.js
[2021-02-07 14:10:01.196] [exthost] [info] ExtensionService#_doActivateExtension vscode.github-authentication {"startup":false,"extensionId":{"value":"vscode.github-authentication","_lower":"vscode.github-authentication"},"activationEvent":"onAuthenticationRequest:github"}
[2021-02-07 14:10:01.197] [exthost] [info] ExtensionService#loadCommonJSModule file:///usr/share/code/resources/app/extensions/github-authentication/dist/extension.js
[2021-02-07 14:10:05.467] [exthost] [info] eager extensions activated
[2021-02-07 14:10:05.471] [exthost] [info] ExtensionService#_doActivateExtension dbaeumer.vscode-eslint {"startup":false,"extensionId":{"value":"dbaeumer.vscode-eslint","_lower":"dbaeumer.vscode-eslint"},"activationEvent":"onStartupFinished"}
[2021-02-07 14:10:05.471] [exthost] [info] ExtensionService#loadCommonJSModule file:///home/jake/.vscode/extensions/dbaeumer.vscode-eslint-2.1.14/client/out/extension
[2021-02-07 14:10:05.488] [exthost] [info] ExtensionService#_doActivateExtension eamodio.gitlens {"startup":false,"extensionId":{"value":"eamodio.gitlens","_lower":"eamodio.gitlens"},"activationEvent":"onStartupFinished"}
[2021-02-07 14:10:05.488] [exthost] [info] ExtensionService#loadCommonJSModule file:///home/jake/.vscode/extensions/eamodio.gitlens-11.2.1/dist/gitlens
[2021-02-07 14:10:05.656] [exthost] [info] ExtensionService#_doActivateExtension esbenp.prettier-vscode {"startup":false,"extensionId":{"value":"esbenp.prettier-vscode","_lower":"esbenp.prettier-vscode"},"activationEvent":"onStartupFinished"}
[2021-02-07 14:10:05.656] [exthost] [info] ExtensionService#loadCommonJSModule file:///home/jake/.vscode/extensions/esbenp.prettier-vscode-5.8.0/dist/extension
[2021-02-07 14:10:05.745] [exthost] [info] ExtensionService#_doActivateExtension GitHub.vscode-pull-request-github {"startup":false,"extensionId":{"value":"GitHub.vscode-pull-request-github","_lower":"github.vscode-pull-request-github"},"activationEvent":"onStartupFinished"}
[2021-02-07 14:10:05.745] [exthost] [info] ExtensionService#loadCommonJSModule file:///home/jake/.vscode/extensions/github.vscode-pull-request-github-0.22.0/media/extension
[2021-02-07 14:10:22.787] [exthost] [info] extension host started
[2021-02-07 14:10:23.121] [exthost] [info] ExtensionService#_doActivateExtension vscode.microsoft-authentication {"startup":false,"extensionId":{"value":"vscode.microsoft-authentication","_lower":"vscode.microsoft-authentication"},"activationEvent":"onAuthenticationRequest:microsoft"}
[2021-02-07 14:10:23.121] [exthost] [info] ExtensionService#loadCommonJSModule file:///usr/share/code/resources/app/extensions/microsoft-authentication/dist/extension.js
[2021-02-07 14:10:23.138] [exthost] [info] ExtensionService#_doActivateExtension aaron-bond.better-comments {"startup":false,"extensionId":{"value":"aaron-bond.better-comments","_lower":"aaron-bond.better-comments"},"activationEvent":"onLanguage:plaintext"}
[2021-02-07 14:10:23.138] [exthost] [info] ExtensionService#loadCommonJSModule file:///home/jake/.vscode/extensions/aaron-bond.better-comments-2.1.0/out/extension
[2021-02-07 14:10:23.142] [exthost] [info] ExtensionService#_doActivateExtension vscode.emmet {"startup":false,"extensionId":{"value":"vscode.emmet","_lower":"vscode.emmet"},"activationEvent":"onLanguage:html"}
[2021-02-07 14:10:23.142] [exthost] [info] ExtensionService#loadCommonJSModule file:///usr/share/code/resources/app/extensions/emmet/dist/node/emmetNodeMain
[2021-02-07 14:10:23.156] [exthost] [info] ExtensionService#_doActivateExtension vscode.html-language-features {"startup":false,"extensionId":{"value":"vscode.html-language-features","_lower":"vscode.html-language-features"},"activationEvent":"onLanguage:html"}
[2021-02-07 14:10:23.156] [exthost] [info] ExtensionService#loadCommonJSModule file:///usr/share/code/resources/app/extensions/html-language-features/client/dist/node/htmlClientMain
[2021-02-07 14:10:23.175] [exthost] [info] ExtensionService#_doActivateExtension vscode.css-language-features {"startup":false,"extensionId":{"value":"vscode.css-language-features","_lower":"vscode.css-language-features"},"activationEvent":"onLanguage:scss"}
[2021-02-07 14:10:23.175] [exthost] [info] ExtensionService#loadCommonJSModule file:///usr/share/code/resources/app/extensions/css-language-features/client/dist/node/cssClientMain
[2021-02-07 14:10:23.187] [exthost] [info] ExtensionService#_doActivateExtension ritwickdey.LiveServer {"startup":false,"extensionId":{"value":"ritwickdey.live-sass","_lower":"ritwickdey.live-sass"},"activationEvent":"onLanguage:scss"}
[2021-02-07 14:10:23.187] [exthost] [info] ExtensionService#loadCommonJSModule file:///home/jake/.vscode/extensions/ritwickdey.liveserver-5.6.1/out/src/extension
[2021-02-07 14:10:23.910] [exthost] [info] ExtensionService#_doActivateExtension sibiraj-s.vscode-scss-formatter {"startup":false,"extensionId":{"value":"sibiraj-s.vscode-scss-formatter","_lower":"sibiraj-s.vscode-scss-formatter"},"activationEvent":"onLanguage:scss"}
[2021-02-07 14:10:23.910] [exthost] [info] ExtensionService#loadCommonJSModule file:///home/jake/.vscode/extensions/sibiraj-s.vscode-scss-formatter-2.1.0/out/extension
[2021-02-07 14:10:24.271] [exthost] [info] ExtensionService#_doActivateExtension vscode.debug-auto-launch {"startup":true,"extensionId":{"value":"vscode.debug-auto-launch","_lower":"vscode.debug-auto-launch"},"activationEvent":"*"}
[2021-02-07 14:10:24.271] [exthost] [info] ExtensionService#loadCommonJSModule file:///usr/share/code/resources/app/extensions/debug-auto-launch/dist/extension
[2021-02-07 14:10:24.274] [exthost] [info] ExtensionService#_doActivateExtension vscode.git {"startup":true,"extensionId":{"value":"vscode.github","_lower":"vscode.github"},"activationEvent":"*"}
[2021-02-07 14:10:24.274] [exthost] [info] ExtensionService#loadCommonJSModule file:///usr/share/code/resources/app/extensions/git/dist/main
[2021-02-07 14:10:24.296] [exthost] [info] ExtensionService#_doActivateExtension vscode.merge-conflict {"startup":true,"extensionId":{"value":"vscode.merge-conflict","_lower":"vscode.merge-conflict"},"activationEvent":"*"}
[2021-02-07 14:10:24.296] [exthost] [info] ExtensionService#loadCommonJSModule file:///usr/share/code/resources/app/extensions/merge-conflict/dist/mergeConflictMain
[2021-02-07 14:10:24.300] [exthost] [info] ExtensionService#_doActivateExtension vscode.search-result {"startup":true,"extensionId":{"value":"vscode.search-result","_lower":"vscode.search-result"},"activationEvent":"*"}
[2021-02-07 14:10:24.300] [exthost] [info] ExtensionService#loadCommonJSModule file:///usr/share/code/resources/app/extensions/search-result/dist/extension.js
[2021-02-07 14:10:24.303] [exthost] [info] ExtensionService#_doActivateExtension christian-kohler.path-intellisense {"startup":true,"extensionId":{"value":"christian-kohler.path-intellisense","_lower":"christian-kohler.path-intellisense"},"activationEvent":"*"}
[2021-02-07 14:10:24.303] [exthost] [info] ExtensionService#loadCommonJSModule file:///home/jake/.vscode/extensions/christian-kohler.path-intellisense-2.3.0/out/extension.js
[2021-02-07 14:10:24.323] [exthost] [info] ExtensionService#_doActivateExtension Equinusocio.vsc-material-theme {"startup":true,"extensionId":{"value":"Equinusocio.vsc-material-theme","_lower":"equinusocio.vsc-material-theme"},"activationEvent":"*"}
[2021-02-07 14:10:24.323] [exthost] [info] ExtensionService#loadCommonJSModule file:///home/jake/.vscode/extensions/equinusocio.vsc-material-theme-33.1.2/build/material.theme.config
[2021-02-07 14:10:24.334] [exthost] [info] ExtensionService#_doActivateExtension equinusocio.vsc-material-theme-icons {"startup":true,"extensionId":{"value":"equinusocio.vsc-material-theme-icons","_lower":"equinusocio.vsc-material-theme-icons"},"activationEvent":"*"}
[2021-02-07 14:10:24.334] [exthost] [info] ExtensionService#loadCommonJSModule file:///home/jake/.vscode/extensions/equinusocio.vsc-material-theme-icons-1.2.2/out/src/extension
[2021-02-07 14:10:24.347] [exthost] [info] ExtensionService#_doActivateExtension formulahendry.auto-close-tag {"startup":true,"extensionId":{"value":"formulahendry.auto-close-tag","_lower":"formulahendry.auto-close-tag"},"activationEvent":"*"}
[2021-02-07 14:10:24.347] [exthost] [info] ExtensionService#loadCommonJSModule file:///home/jake/.vscode/extensions/formulahendry.auto-close-tag-0.5.10/out/src/extension
[2021-02-07 14:10:24.349] [exthost] [info] ExtensionService#_doActivateExtension icrawl.discord-vscode {"startup":true,"extensionId":{"value":"icrawl.discord-vscode","_lower":"icrawl.discord-vscode"},"activationEvent":"*"}
[2021-02-07 14:10:24.349] [exthost] [info] ExtensionService#loadCommonJSModule file:///home/jake/.vscode/extensions/icrawl.discord-vscode-4.1.0/dist/extension
[2021-02-07 14:10:24.359] [exthost] [info] ExtensionService#_doActivateExtension ms-vscode.cpptools {"startup":true,"extensionId":{"value":"ms-vscode.cpptools","_lower":"ms-vscode.cpptools"},"activationEvent":"*"}
[2021-02-07 14:10:24.359] [exthost] [info] ExtensionService#loadCommonJSModule file:///home/jake/.vscode/extensions/ms-vscode.cpptools-1.2.0/dist/main
[2021-02-07 14:10:24.417] [exthost] [info] ExtensionService#_doActivateExtension PKief.material-icon-theme {"startup":true,"extensionId":{"value":"PKief.material-icon-theme","_lower":"pkief.material-icon-theme"},"activationEvent":"*"}
[2021-02-07 14:10:24.417] [exthost] [info] ExtensionService#loadCommonJSModule file:///home/jake/.vscode/extensions/pkief.material-icon-theme-4.5.0/dist/extension
[2021-02-07 14:10:24.431] [exthost] [info] ExtensionService#_doActivateExtension pranaygp.vscode-css-peek {"startup":true,"extensionId":{"value":"pranaygp.vscode-css-peek","_lower":"pranaygp.vscode-css-peek"},"activationEvent":"*"}
[2021-02-07 14:10:24.432] [exthost] [info] ExtensionService#loadCommonJSModule file:///home/jake/.vscode/extensions/pranaygp.vscode-css-peek-4.0.2/client/out/extension
[2021-02-07 14:10:24.470] [exthost] [info] ExtensionService#_doActivateExtension vscode-icons-team.vscode-icons {"startup":true,"extensionId":{"value":"vscode-icons-team.vscode-icons","_lower":"vscode-icons-team.vscode-icons"},"activationEvent":"*"}
[2021-02-07 14:10:24.470] [exthost] [info] ExtensionService#loadCommonJSModule file:///home/jake/.vscode/extensions/vscode-icons-team.vscode-icons-11.1.0/dist/src/vscode-icons.bundle.js
[2021-02-07 14:10:24.502] [exthost] [info] ExtensionService#_doActivateExtension Zignd.html-css-class-completion {"startup":true,"extensionId":{"value":"Zignd.html-css-class-completion","_lower":"zignd.html-css-class-completion"},"activationEvent":"*"}
[2021-02-07 14:10:24.503] [exthost] [info] ExtensionService#loadCommonJSModule file:///home/jake/.vscode/extensions/zignd.html-css-class-completion-1.20.0/dist/extension.js
[2021-02-07 14:10:25.431] [exthost] [info] ExtensionService#_doActivateExtension ritwickdey.live-sass {"startup":true,"extensionId":{"value":"ritwickdey.live-sass","_lower":"ritwickdey.live-sass"},"activationEvent":"workspaceContains:**/*.s[ac]ss"}
[2021-02-07 14:10:25.431] [exthost] [info] ExtensionService#loadCommonJSModule file:///home/jake/.vscode/extensions/ritwickdey.live-sass-3.0.0/out/src/extension
[2021-02-07 14:10:26.980] [exthost] [warning] DiagnosticCollection with name 'css-peek' does already exist.
[2021-02-07 14:10:27.717] [exthost] [info] ExtensionService#_doActivateExtension ms-vscode.js-debug {"startup":false,"extensionId":{"value":"ms-vscode.js-debug","_lower":"ms-vscode.js-debug"},"activationEvent":"onCommand:extension.js-debug.clearAutoAttachVariables"}
[2021-02-07 14:10:27.718] [exthost] [info] ExtensionService#loadCommonJSModule file:///usr/share/code/resources/app/extensions/ms-vscode.js-debug/src/extension.js
[2021-02-07 14:10:27.908] [exthost] [info] ExtensionService#_doActivateExtension vscode.github {"startup":false,"extensionId":{"value":"vscode.github","_lower":"vscode.github"},"activationEvent":"*"}
[2021-02-07 14:10:27.908] [exthost] [info] ExtensionService#loadCommonJSModule file:///usr/share/code/resources/app/extensions/github/dist/extension.js
[2021-02-07 14:10:29.870] [exthost] [info] ExtensionService#_doActivateExtension vscode.github-authentication {"startup":false,"extensionId":{"value":"vscode.github-authentication","_lower":"vscode.github-authentication"},"activationEvent":"onAuthenticationRequest:github"}
[2021-02-07 14:10:29.870] [exthost] [info] ExtensionService#loadCommonJSModule file:///usr/share/code/resources/app/extensions/github-authentication/dist/extension.js
[2021-02-07 14:10:31.467] [exthost] [info] eager extensions activated
[2021-02-07 14:10:31.473] [exthost] [info] ExtensionService#_doActivateExtension dbaeumer.vscode-eslint {"startup":false,"extensionId":{"value":"dbaeumer.vscode-eslint","_lower":"dbaeumer.vscode-eslint"},"activationEvent":"onStartupFinished"}
[2021-02-07 14:10:31.473] [exthost] [info] ExtensionService#loadCommonJSModule file:///home/jake/.vscode/extensions/dbaeumer.vscode-eslint-2.1.14/client/out/extension
[2021-02-07 14:10:31.489] [exthost] [info] ExtensionService#_doActivateExtension eamodio.gitlens {"startup":false,"extensionId":{"value":"eamodio.gitlens","_lower":"eamodio.gitlens"},"activationEvent":"onStartupFinished"}
[2021-02-07 14:10:31.489] [exthost] [info] ExtensionService#loadCommonJSModule file:///home/jake/.vscode/extensions/eamodio.gitlens-11.2.1/dist/gitlens
[2021-02-07 14:10:31.555] [exthost] [info] ExtensionService#_doActivateExtension esbenp.prettier-vscode {"startup":false,"extensionId":{"value":"esbenp.prettier-vscode","_lower":"esbenp.prettier-vscode"},"activationEvent":"onStartupFinished"}
[2021-02-07 14:10:31.555] [exthost] [info] ExtensionService#loadCommonJSModule file:///home/jake/.vscode/extensions/esbenp.prettier-vscode-5.8.0/dist/extension
[2021-02-07 14:10:31.627] [exthost] [info] ExtensionService#_doActivateExtension GitHub.vscode-pull-request-github {"startup":false,"extensionId":{"value":"GitHub.vscode-pull-request-github","_lower":"github.vscode-pull-request-github"},"activationEvent":"onStartupFinished"}
[2021-02-07 14:10:31.627] [exthost] [info] ExtensionService#loadCommonJSModule file:///home/jake/.vscode/extensions/github.vscode-pull-request-github-0.22.0/media/extension
[2021-02-07 14:11:00.032] [exthost] [info] extension host started
[2021-02-07 14:11:00.444] [exthost] [info] ExtensionService#_doActivateExtension vscode.microsoft-authentication {"startup":false,"extensionId":{"value":"vscode.microsoft-authentication","_lower":"vscode.microsoft-authentication"},"activationEvent":"onAuthenticationRequest:microsoft"}
[2021-02-07 14:11:00.444] [exthost] [info] ExtensionService#loadCommonJSModule file:///usr/share/code/resources/app/extensions/microsoft-authentication/dist/extension.js
[2021-02-07 14:11:00.466] [exthost] [info] ExtensionService#_doActivateExtension aaron-bond.better-comments {"startup":false,"extensionId":{"value":"aaron-bond.better-comments","_lower":"aaron-bond.better-comments"},"activationEvent":"onLanguage:plaintext"}
[2021-02-07 14:11:00.466] [exthost] [info] ExtensionService#loadCommonJSModule file:///home/jake/.vscode/extensions/aaron-bond.better-comments-2.1.0/out/extension
[2021-02-07 14:11:00.473] [exthost] [info] ExtensionService#_doActivateExtension vscode.emmet {"startup":false,"extensionId":{"value":"vscode.emmet","_lower":"vscode.emmet"},"activationEvent":"onLanguage:html"}
[2021-02-07 14:11:00.474] [exthost] [info] ExtensionService#loadCommonJSModule file:///usr/share/code/resources/app/extensions/emmet/dist/node/emmetNodeMain
[2021-02-07 14:11:00.511] [exthost] [info] ExtensionService#_doActivateExtension vscode.html-language-features {"startup":false,"extensionId":{"value":"vscode.html-language-features","_lower":"vscode.html-language-features"},"activationEvent":"onLanguage:html"}
[2021-02-07 14:11:00.511] [exthost] [info] ExtensionService#loadCommonJSModule file:///usr/share/code/resources/app/extensions/html-language-features/client/dist/node/htmlClientMain
[2021-02-07 14:11:00.539] [exthost] [info] ExtensionService#_doActivateExtension vscode.css-language-features {"startup":false,"extensionId":{"value":"vscode.css-language-features","_lower":"vscode.css-language-features"},"activationEvent":"onLanguage:scss"}
[2021-02-07 14:11:00.539] [exthost] [info] ExtensionService#loadCommonJSModule file:///usr/share/code/resources/app/extensions/css-language-features/client/dist/node/cssClientMain
[2021-02-07 14:11:00.551] [exthost] [info] ExtensionService#_doActivateExtension ritwickdey.LiveServer {"startup":false,"extensionId":{"value":"ritwickdey.live-sass","_lower":"ritwickdey.live-sass"},"activationEvent":"onLanguage:scss"}
[2021-02-07 14:11:00.551] [exthost] [info] ExtensionService#loadCommonJSModule file:///home/jake/.vscode/extensions/ritwickdey.liveserver-5.6.1/out/src/extension
[2021-02-07 14:11:01.141] [exthost] [info] ExtensionService#_doActivateExtension sibiraj-s.vscode-scss-formatter {"startup":false,"extensionId":{"value":"sibiraj-s.vscode-scss-formatter","_lower":"sibiraj-s.vscode-scss-formatter"},"activationEvent":"onLanguage:scss"}
[2021-02-07 14:11:01.142] [exthost] [info] ExtensionService#loadCommonJSModule file:///home/jake/.vscode/extensions/sibiraj-s.vscode-scss-formatter-2.1.0/out/extension
[2021-02-07 14:11:01.264] [exthost] [info] ExtensionService#_doActivateExtension vscode.debug-auto-launch {"startup":true,"extensionId":{"value":"vscode.debug-auto-launch","_lower":"vscode.debug-auto-launch"},"activationEvent":"*"}
[2021-02-07 14:11:01.265] [exthost] [info] ExtensionService#loadCommonJSModule file:///usr/share/code/resources/app/extensions/debug-auto-launch/dist/extension
[2021-02-07 14:11:01.273] [exthost] [info] ExtensionService#_doActivateExtension vscode.git {"startup":true,"extensionId":{"value":"vscode.github","_lower":"vscode.github"},"activationEvent":"*"}
[2021-02-07 14:11:01.273] [exthost] [info] ExtensionService#loadCommonJSModule file:///usr/share/code/resources/app/extensions/git/dist/main
[2021-02-07 14:11:01.305] [exthost] [info] ExtensionService#_doActivateExtension vscode.merge-conflict {"startup":true,"extensionId":{"value":"vscode.merge-conflict","_lower":"vscode.merge-conflict"},"activationEvent":"*"}
[2021-02-07 14:11:01.305] [exthost] [info] ExtensionService#loadCommonJSModule file:///usr/share/code/resources/app/extensions/merge-conflict/dist/mergeConflictMain
[2021-02-07 14:11:01.313] [exthost] [info] ExtensionService#_doActivateExtension vscode.search-result {"startup":true,"extensionId":{"value":"vscode.search-result","_lower":"vscode.search-result"},"activationEvent":"*"}
[2021-02-07 14:11:01.313] [exthost] [info] ExtensionService#loadCommonJSModule file:///usr/share/code/resources/app/extensions/search-result/dist/extension.js
[2021-02-07 14:11:01.316] [exthost] [info] ExtensionService#_doActivateExtension christian-kohler.path-intellisense {"startup":true,"extensionId":{"value":"christian-kohler.path-intellisense","_lower":"christian-kohler.path-intellisense"},"activationEvent":"*"}
[2021-02-07 14:11:01.316] [exthost] [info] ExtensionService#loadCommonJSModule file:///home/jake/.vscode/extensions/christian-kohler.path-intellisense-2.3.0/out/extension.js
[2021-02-07 14:11:01.357] [exthost] [info] ExtensionService#_doActivateExtension Equinusocio.vsc-material-theme {"startup":true,"extensionId":{"value":"Equinusocio.vsc-material-theme","_lower":"equinusocio.vsc-material-theme"},"activationEvent":"*"}
[2021-02-07 14:11:01.357] [exthost] [info] ExtensionService#loadCommonJSModule file:///home/jake/.vscode/extensions/equinusocio.vsc-material-theme-33.1.2/build/material.theme.config
[2021-02-07 14:11:01.392] [exthost] [info] ExtensionService#_doActivateExtension equinusocio.vsc-material-theme-icons {"startup":true,"extensionId":{"value":"equinusocio.vsc-material-theme-icons","_lower":"equinusocio.vsc-material-theme-icons"},"activationEvent":"*"}
[2021-02-07 14:11:01.392] [exthost] [info] ExtensionService#loadCommonJSModule file:///home/jake/.vscode/extensions/equinusocio.vsc-material-theme-icons-1.2.2/out/src/extension
[2021-02-07 14:11:01.416] [exthost] [info] ExtensionService#_doActivateExtension formulahendry.auto-close-tag {"startup":true,"extensionId":{"value":"formulahendry.auto-close-tag","_lower":"formulahendry.auto-close-tag"},"activationEvent":"*"}
[2021-02-07 14:11:01.417] [exthost] [info] ExtensionService#loadCommonJSModule file:///home/jake/.vscode/extensions/formulahendry.auto-close-tag-0.5.10/out/src/extension
[2021-02-07 14:11:01.419] [exthost] [info] ExtensionService#_doActivateExtension icrawl.discord-vscode {"startup":true,"extensionId":{"value":"icrawl.discord-vscode","_lower":"icrawl.discord-vscode"},"activationEvent":"*"}
[2021-02-07 14:11:01.420] [exthost] [info] ExtensionService#loadCommonJSModule file:///home/jake/.vscode/extensions/icrawl.discord-vscode-4.1.0/dist/extension
[2021-02-07 14:11:01.433] [exthost] [info] ExtensionService#_doActivateExtension PKief.material-icon-theme {"startup":true,"extensionId":{"value":"PKief.material-icon-theme","_lower":"pkief.material-icon-theme"},"activationEvent":"*"}
[2021-02-07 14:11:01.433] [exthost] [info] ExtensionService#loadCommonJSModule file:///home/jake/.vscode/extensions/pkief.material-icon-theme-4.5.0/dist/extension
[2021-02-07 14:11:01.459] [exthost] [info] ExtensionService#_doActivateExtension pranaygp.vscode-css-peek {"startup":true,"extensionId":{"value":"pranaygp.vscode-css-peek","_lower":"pranaygp.vscode-css-peek"},"activationEvent":"*"}
[2021-02-07 14:11:01.460] [exthost] [info] ExtensionService#loadCommonJSModule file:///home/jake/.vscode/extensions/pranaygp.vscode-css-peek-4.0.2/client/out/extension
[2021-02-07 14:11:01.504] [exthost] [info] ExtensionService#_doActivateExtension vscode-icons-team.vscode-icons {"startup":true,"extensionId":{"value":"vscode-icons-team.vscode-icons","_lower":"vscode-icons-team.vscode-icons"},"activationEvent":"*"}
[2021-02-07 14:11:01.504] [exthost] [info] ExtensionService#loadCommonJSModule file:///home/jake/.vscode/extensions/vscode-icons-team.vscode-icons-11.1.0/dist/src/vscode-icons.bundle.js
[2021-02-07 14:11:01.529] [exthost] [info] ExtensionService#_doActivateExtension Zignd.html-css-class-completion {"startup":true,"extensionId":{"value":"Zignd.html-css-class-completion","_lower":"zignd.html-css-class-completion"},"activationEvent":"*"}
[2021-02-07 14:11:01.529] [exthost] [info] ExtensionService#loadCommonJSModule file:///home/jake/.vscode/extensions/zignd.html-css-class-completion-1.20.0/dist/extension.js
[2021-02-07 14:11:02.554] [exthost] [info] ExtensionService#_doActivateExtension ritwickdey.live-sass {"startup":true,"extensionId":{"value":"ritwickdey.live-sass","_lower":"ritwickdey.live-sass"},"activationEvent":"workspaceContains:**/*.s[ac]ss"}
[2021-02-07 14:11:02.554] [exthost] [info] ExtensionService#loadCommonJSModule file:///home/jake/.vscode/extensions/ritwickdey.live-sass-3.0.0/out/src/extension
[2021-02-07 14:11:03.386] [exthost] [warning] DiagnosticCollection with name 'css-peek' does already exist.
[2021-02-07 14:11:03.521] [exthost] [info] ExtensionService#_doActivateExtension ms-vscode.js-debug {"startup":false,"extensionId":{"value":"ms-vscode.js-debug","_lower":"ms-vscode.js-debug"},"activationEvent":"onCommand:extension.js-debug.clearAutoAttachVariables"}
[2021-02-07 14:11:03.522] [exthost] [info] ExtensionService#loadCommonJSModule file:///usr/share/code/resources/app/extensions/ms-vscode.js-debug/src/extension.js
[2021-02-07 14:11:03.666] [exthost] [info] ExtensionService#_doActivateExtension vscode.github {"startup":false,"extensionId":{"value":"vscode.github","_lower":"vscode.github"},"activationEvent":"*"}
[2021-02-07 14:11:03.666] [exthost] [info] ExtensionService#loadCommonJSModule file:///usr/share/code/resources/app/extensions/github/dist/extension.js
[2021-02-07 14:11:06.982] [exthost] [info] ExtensionService#_doActivateExtension vscode.github-authentication {"startup":false,"extensionId":{"value":"vscode.github-authentication","_lower":"vscode.github-authentication"},"activationEvent":"onAuthenticationRequest:github"}
[2021-02-07 14:11:06.982] [exthost] [info] ExtensionService#loadCommonJSModule file:///usr/share/code/resources/app/extensions/github-authentication/dist/extension.js
[2021-02-07 14:11:08.294] [exthost] [info] eager extensions activated
[2021-02-07 14:11:08.297] [exthost] [info] ExtensionService#_doActivateExtension dbaeumer.vscode-eslint {"startup":false,"extensionId":{"value":"dbaeumer.vscode-eslint","_lower":"dbaeumer.vscode-eslint"},"activationEvent":"onStartupFinished"}
[2021-02-07 14:11:08.297] [exthost] [info] ExtensionService#loadCommonJSModule file:///home/jake/.vscode/extensions/dbaeumer.vscode-eslint-2.1.14/client/out/extension
[2021-02-07 14:11:08.315] [exthost] [info] ExtensionService#_doActivateExtension eamodio.gitlens {"startup":false,"extensionId":{"value":"eamodio.gitlens","_lower":"eamodio.gitlens"},"activationEvent":"onStartupFinished"}
[2021-02-07 14:11:08.316] [exthost] [info] ExtensionService#loadCommonJSModule file:///home/jake/.vscode/extensions/eamodio.gitlens-11.2.1/dist/gitlens
[2021-02-07 14:11:08.372] [exthost] [info] ExtensionService#_doActivateExtension esbenp.prettier-vscode {"startup":false,"extensionId":{"value":"esbenp.prettier-vscode","_lower":"esbenp.prettier-vscode"},"activationEvent":"onStartupFinished"}
[2021-02-07 14:11:08.372] [exthost] [info] ExtensionService#loadCommonJSModule file:///home/jake/.vscode/extensions/esbenp.prettier-vscode-5.8.0/dist/extension
[2021-02-07 14:11:08.441] [exthost] [info] ExtensionService#_doActivateExtension GitHub.vscode-pull-request-github {"startup":false,"extensionId":{"value":"GitHub.vscode-pull-request-github","_lower":"github.vscode-pull-request-github"},"activationEvent":"onStartupFinished"}
[2021-02-07 14:11:08.441] [exthost] [info] ExtensionService#loadCommonJSModule file:///home/jake/.vscode/extensions/github.vscode-pull-request-github-0.22.0/media/extension
[2021-02-07 14:15:37.413] [exthost] [info] ExtensionService#_doActivateExtension vscode.image-preview {"startup":false,"extensionId":{"value":"vscode.image-preview","_lower":"vscode.image-preview"},"activationEvent":"onCustomEditor:imagePreview.previewEditor"}
[2021-02-07 14:15:37.413] [exthost] [info] ExtensionService#loadCommonJSModule file:///usr/share/code/resources/app/extensions/image-preview/dist/extension
