[2021-01-25 12:33:37.958] [exthost] [info] extension host started
[2021-01-25 12:33:38.243] [exthost] [info] ExtensionService#_doActivateExtension vscode.microsoft-authentication {"startup":false,"extensionId":{"value":"vscode.microsoft-authentication","_lower":"vscode.microsoft-authentication"},"activationEvent":"onAuthenticationRequest:microsoft"}
[2021-01-25 12:33:38.243] [exthost] [info] ExtensionService#loadCommonJSModule file:///usr/share/code/resources/app/extensions/microsoft-authentication/dist/extension.js
[2021-01-25 12:33:38.394] [exthost] [info] ExtensionService#_doActivateExtension aaron-bond.better-comments {"startup":false,"extensionId":{"value":"aaron-bond.better-comments","_lower":"aaron-bond.better-comments"},"activationEvent":"onLanguage:plaintext"}
[2021-01-25 12:33:38.394] [exthost] [info] ExtensionService#loadCommonJSModule file:///home/jake/.vscode/extensions/aaron-bond.better-comments-2.1.0/out/extension
[2021-01-25 12:33:38.423] [exthost] [info] ExtensionService#_doActivateExtension vscode.typescript-language-features {"startup":false,"extensionId":{"value":"vscode.typescript-language-features","_lower":"vscode.typescript-language-features"},"activationEvent":"onLanguage:javascript"}
[2021-01-25 12:33:38.423] [exthost] [info] ExtensionService#loadCommonJSModule file:///usr/share/code/resources/app/extensions/typescript-language-features/dist/extension
[2021-01-25 12:33:38.461] [exthost] [info] ExtensionService#_doActivateExtension christian-kohler.npm-intellisense {"startup":false,"extensionId":{"value":"christian-kohler.npm-intellisense","_lower":"christian-kohler.npm-intellisense"},"activationEvent":"onLanguage:javascript"}
[2021-01-25 12:33:38.461] [exthost] [info] ExtensionService#loadCommonJSModule file:///home/jake/.vscode/extensions/christian-kohler.npm-intellisense-1.3.1/out/src/extension
[2021-01-25 12:33:38.648] [exthost] [info] ExtensionService#_doActivateExtension vscode.debug-auto-launch {"startup":true,"extensionId":{"value":"vscode.debug-auto-launch","_lower":"vscode.debug-auto-launch"},"activationEvent":"*"}
[2021-01-25 12:33:38.648] [exthost] [info] ExtensionService#loadCommonJSModule file:///usr/share/code/resources/app/extensions/debug-auto-launch/dist/extension
[2021-01-25 12:33:38.656] [exthost] [info] ExtensionService#_doActivateExtension vscode.emmet {"startup":true,"extensionId":{"value":"vscode.emmet","_lower":"vscode.emmet"},"activationEvent":"*"}
[2021-01-25 12:33:38.657] [exthost] [info] ExtensionService#loadCommonJSModule file:///usr/share/code/resources/app/extensions/emmet/dist/node/emmetNodeMain
[2021-01-25 12:33:38.680] [exthost] [info] ExtensionService#_doActivateExtension vscode.git {"startup":true,"extensionId":{"value":"vscode.github","_lower":"vscode.github"},"activationEvent":"*"}
[2021-01-25 12:33:38.680] [exthost] [info] ExtensionService#loadCommonJSModule file:///usr/share/code/resources/app/extensions/git/dist/main
[2021-01-25 12:33:38.717] [exthost] [info] ExtensionService#_doActivateExtension vscode.merge-conflict {"startup":true,"extensionId":{"value":"vscode.merge-conflict","_lower":"vscode.merge-conflict"},"activationEvent":"*"}
[2021-01-25 12:33:38.717] [exthost] [info] ExtensionService#loadCommonJSModule file:///usr/share/code/resources/app/extensions/merge-conflict/dist/mergeConflictMain
[2021-01-25 12:33:38.722] [exthost] [info] ExtensionService#_doActivateExtension vscode.search-result {"startup":true,"extensionId":{"value":"vscode.search-result","_lower":"vscode.search-result"},"activationEvent":"*"}
[2021-01-25 12:33:38.722] [exthost] [info] ExtensionService#loadCommonJSModule file:///usr/share/code/resources/app/extensions/search-result/dist/extension.js
[2021-01-25 12:33:38.724] [exthost] [info] ExtensionService#_doActivateExtension christian-kohler.path-intellisense {"startup":true,"extensionId":{"value":"christian-kohler.path-intellisense","_lower":"christian-kohler.path-intellisense"},"activationEvent":"*"}
[2021-01-25 12:33:38.724] [exthost] [info] ExtensionService#loadCommonJSModule file:///home/jake/.vscode/extensions/christian-kohler.path-intellisense-2.3.0/out/extension.js
[2021-01-25 12:33:38.770] [exthost] [info] ExtensionService#_doActivateExtension Equinusocio.vsc-material-theme {"startup":true,"extensionId":{"value":"Equinusocio.vsc-material-theme","_lower":"equinusocio.vsc-material-theme"},"activationEvent":"*"}
[2021-01-25 12:33:38.770] [exthost] [info] ExtensionService#loadCommonJSModule file:///home/jake/.vscode/extensions/equinusocio.vsc-material-theme-33.1.2/build/material.theme.config
[2021-01-25 12:33:38.798] [exthost] [info] ExtensionService#_doActivateExtension equinusocio.vsc-material-theme-icons {"startup":true,"extensionId":{"value":"equinusocio.vsc-material-theme-icons","_lower":"equinusocio.vsc-material-theme-icons"},"activationEvent":"*"}
[2021-01-25 12:33:38.798] [exthost] [info] ExtensionService#loadCommonJSModule file:///home/jake/.vscode/extensions/equinusocio.vsc-material-theme-icons-1.2.2/out/src/extension
[2021-01-25 12:33:38.817] [exthost] [info] ExtensionService#_doActivateExtension formulahendry.auto-close-tag {"startup":true,"extensionId":{"value":"formulahendry.auto-close-tag","_lower":"formulahendry.auto-close-tag"},"activationEvent":"*"}
[2021-01-25 12:33:38.817] [exthost] [info] ExtensionService#loadCommonJSModule file:///home/jake/.vscode/extensions/formulahendry.auto-close-tag-0.5.10/out/src/extension
[2021-01-25 12:33:38.820] [exthost] [info] ExtensionService#_doActivateExtension icrawl.discord-vscode {"startup":true,"extensionId":{"value":"icrawl.discord-vscode","_lower":"icrawl.discord-vscode"},"activationEvent":"*"}
[2021-01-25 12:33:38.820] [exthost] [info] ExtensionService#loadCommonJSModule file:///home/jake/.vscode/extensions/icrawl.discord-vscode-4.1.0/dist/extension
[2021-01-25 12:33:38.837] [exthost] [info] ExtensionService#_doActivateExtension PKief.material-icon-theme {"startup":true,"extensionId":{"value":"PKief.material-icon-theme","_lower":"pkief.material-icon-theme"},"activationEvent":"*"}
[2021-01-25 12:33:38.837] [exthost] [info] ExtensionService#loadCommonJSModule file:///home/jake/.vscode/extensions/pkief.material-icon-theme-4.5.0/dist/extension
[2021-01-25 12:33:38.851] [exthost] [info] ExtensionService#_doActivateExtension pranaygp.vscode-css-peek {"startup":true,"extensionId":{"value":"pranaygp.vscode-css-peek","_lower":"pranaygp.vscode-css-peek"},"activationEvent":"*"}
[2021-01-25 12:33:38.851] [exthost] [info] ExtensionService#loadCommonJSModule file:///home/jake/.vscode/extensions/pranaygp.vscode-css-peek-4.0.2/client/out/extension
[2021-01-25 12:33:38.935] [exthost] [info] ExtensionService#_doActivateExtension ritwickdey.LiveServer {"startup":true,"extensionId":{"value":"ritwickdey.LiveServer","_lower":"ritwickdey.liveserver"},"activationEvent":"*"}
[2021-01-25 12:33:38.935] [exthost] [info] ExtensionService#loadCommonJSModule file:///home/jake/.vscode/extensions/ritwickdey.liveserver-5.6.1/out/src/extension
[2021-01-25 12:33:39.520] [exthost] [info] ExtensionService#_doActivateExtension vscode-icons-team.vscode-icons {"startup":true,"extensionId":{"value":"vscode-icons-team.vscode-icons","_lower":"vscode-icons-team.vscode-icons"},"activationEvent":"*"}
[2021-01-25 12:33:39.520] [exthost] [info] ExtensionService#loadCommonJSModule file:///home/jake/.vscode/extensions/vscode-icons-team.vscode-icons-11.1.0/dist/src/vscode-icons.bundle.js
[2021-01-25 12:33:39.566] [exthost] [info] ExtensionService#_doActivateExtension Zignd.html-css-class-completion {"startup":true,"extensionId":{"value":"Zignd.html-css-class-completion","_lower":"zignd.html-css-class-completion"},"activationEvent":"*"}
[2021-01-25 12:33:39.566] [exthost] [info] ExtensionService#loadCommonJSModule file:///home/jake/.vscode/extensions/zignd.html-css-class-completion-1.20.0/dist/extension.js
[2021-01-25 12:33:40.432] [exthost] [info] ExtensionService#_doActivateExtension ms-vscode.js-debug {"startup":false,"extensionId":{"value":"ms-vscode.js-debug","_lower":"ms-vscode.js-debug"},"activationEvent":"onCommand:extension.js-debug.clearAutoAttachVariables"}
[2021-01-25 12:33:40.432] [exthost] [info] ExtensionService#loadCommonJSModule file:///usr/share/code/resources/app/extensions/ms-vscode.js-debug/src/extension.js
[2021-01-25 12:33:41.030] [exthost] [info] ExtensionService#_doActivateExtension vscode.github {"startup":false,"extensionId":{"value":"vscode.github","_lower":"vscode.github"},"activationEvent":"*"}
[2021-01-25 12:33:41.030] [exthost] [info] ExtensionService#loadCommonJSModule file:///usr/share/code/resources/app/extensions/github/dist/extension.js
[2021-01-25 12:33:47.544] [exthost] [info] ExtensionService#_doActivateExtension vscode.github-authentication {"startup":false,"extensionId":{"value":"vscode.github-authentication","_lower":"vscode.github-authentication"},"activationEvent":"onAuthenticationRequest:github"}
[2021-01-25 12:33:47.545] [exthost] [info] ExtensionService#loadCommonJSModule file:///usr/share/code/resources/app/extensions/github-authentication/dist/extension.js
[2021-01-25 12:33:48.204] [exthost] [info] ExtensionService#_doActivateExtension dbaeumer.vscode-eslint {"startup":false,"extensionId":{"value":"dbaeumer.vscode-eslint","_lower":"dbaeumer.vscode-eslint"},"activationEvent":"onStartupFinished"}
[2021-01-25 12:33:48.204] [exthost] [info] ExtensionService#loadCommonJSModule file:///home/jake/.vscode/extensions/dbaeumer.vscode-eslint-2.1.14/client/out/extension
[2021-01-25 12:33:48.220] [exthost] [info] ExtensionService#_doActivateExtension eamodio.gitlens {"startup":false,"extensionId":{"value":"eamodio.gitlens","_lower":"eamodio.gitlens"},"activationEvent":"onStartupFinished"}
[2021-01-25 12:33:48.220] [exthost] [info] ExtensionService#loadCommonJSModule file:///home/jake/.vscode/extensions/eamodio.gitlens-11.1.3/dist/gitlens
[2021-01-25 12:33:48.607] [exthost] [info] ExtensionService#_doActivateExtension esbenp.prettier-vscode {"startup":false,"extensionId":{"value":"esbenp.prettier-vscode","_lower":"esbenp.prettier-vscode"},"activationEvent":"onStartupFinished"}
[2021-01-25 12:33:48.607] [exthost] [info] ExtensionService#loadCommonJSModule file:///home/jake/.vscode/extensions/esbenp.prettier-vscode-5.8.0/dist/extension
[2021-01-25 12:33:49.497] [exthost] [info] ExtensionService#_doActivateExtension GitHub.vscode-pull-request-github {"startup":false,"extensionId":{"value":"GitHub.vscode-pull-request-github","_lower":"github.vscode-pull-request-github"},"activationEvent":"onStartupFinished"}
[2021-01-25 12:33:49.497] [exthost] [info] ExtensionService#loadCommonJSModule file:///home/jake/.vscode/extensions/github.vscode-pull-request-github-0.22.0/media/extension
[2021-01-25 12:33:51.475] [exthost] [info] eager extensions activated
[2021-01-25 12:34:27.160] [exthost] [info] extension host started
[2021-01-25 12:34:27.234] [exthost] [info] ExtensionService#_doActivateExtension vscode.microsoft-authentication {"startup":false,"extensionId":{"value":"vscode.microsoft-authentication","_lower":"vscode.microsoft-authentication"},"activationEvent":"onAuthenticationRequest:microsoft"}
[2021-01-25 12:34:27.235] [exthost] [info] ExtensionService#loadCommonJSModule file:///usr/share/code/resources/app/extensions/microsoft-authentication/dist/extension.js
[2021-01-25 12:34:27.248] [exthost] [info] ExtensionService#_doActivateExtension vscode.debug-auto-launch {"startup":true,"extensionId":{"value":"vscode.debug-auto-launch","_lower":"vscode.debug-auto-launch"},"activationEvent":"*"}
[2021-01-25 12:34:27.248] [exthost] [info] ExtensionService#loadCommonJSModule file:///usr/share/code/resources/app/extensions/debug-auto-launch/dist/extension
[2021-01-25 12:34:27.253] [exthost] [info] ExtensionService#_doActivateExtension vscode.emmet {"startup":true,"extensionId":{"value":"vscode.emmet","_lower":"vscode.emmet"},"activationEvent":"*"}
[2021-01-25 12:34:27.253] [exthost] [info] ExtensionService#loadCommonJSModule file:///usr/share/code/resources/app/extensions/emmet/dist/node/emmetNodeMain
[2021-01-25 12:34:27.275] [exthost] [info] ExtensionService#_doActivateExtension vscode.git {"startup":true,"extensionId":{"value":"vscode.github","_lower":"vscode.github"},"activationEvent":"*"}
[2021-01-25 12:34:27.275] [exthost] [info] ExtensionService#loadCommonJSModule file:///usr/share/code/resources/app/extensions/git/dist/main
[2021-01-25 12:34:27.313] [exthost] [info] ExtensionService#_doActivateExtension vscode.merge-conflict {"startup":true,"extensionId":{"value":"vscode.merge-conflict","_lower":"vscode.merge-conflict"},"activationEvent":"*"}
[2021-01-25 12:34:27.313] [exthost] [info] ExtensionService#loadCommonJSModule file:///usr/share/code/resources/app/extensions/merge-conflict/dist/mergeConflictMain
[2021-01-25 12:34:27.317] [exthost] [info] ExtensionService#_doActivateExtension vscode.search-result {"startup":true,"extensionId":{"value":"vscode.search-result","_lower":"vscode.search-result"},"activationEvent":"*"}
[2021-01-25 12:34:27.317] [exthost] [info] ExtensionService#loadCommonJSModule file:///usr/share/code/resources/app/extensions/search-result/dist/extension.js
[2021-01-25 12:34:27.323] [exthost] [info] ExtensionService#_doActivateExtension christian-kohler.path-intellisense {"startup":true,"extensionId":{"value":"christian-kohler.path-intellisense","_lower":"christian-kohler.path-intellisense"},"activationEvent":"*"}
[2021-01-25 12:34:27.323] [exthost] [info] ExtensionService#loadCommonJSModule file:///home/jake/.vscode/extensions/christian-kohler.path-intellisense-2.3.0/out/extension.js
[2021-01-25 12:34:27.364] [exthost] [info] ExtensionService#_doActivateExtension Equinusocio.vsc-material-theme {"startup":true,"extensionId":{"value":"Equinusocio.vsc-material-theme","_lower":"equinusocio.vsc-material-theme"},"activationEvent":"*"}
[2021-01-25 12:34:27.364] [exthost] [info] ExtensionService#loadCommonJSModule file:///home/jake/.vscode/extensions/equinusocio.vsc-material-theme-33.1.2/build/material.theme.config
[2021-01-25 12:34:27.382] [exthost] [info] ExtensionService#_doActivateExtension equinusocio.vsc-material-theme-icons {"startup":true,"extensionId":{"value":"equinusocio.vsc-material-theme-icons","_lower":"equinusocio.vsc-material-theme-icons"},"activationEvent":"*"}
[2021-01-25 12:34:27.382] [exthost] [info] ExtensionService#loadCommonJSModule file:///home/jake/.vscode/extensions/equinusocio.vsc-material-theme-icons-1.2.2/out/src/extension
[2021-01-25 12:34:27.404] [exthost] [info] ExtensionService#_doActivateExtension formulahendry.auto-close-tag {"startup":true,"extensionId":{"value":"formulahendry.auto-close-tag","_lower":"formulahendry.auto-close-tag"},"activationEvent":"*"}
[2021-01-25 12:34:27.404] [exthost] [info] ExtensionService#loadCommonJSModule file:///home/jake/.vscode/extensions/formulahendry.auto-close-tag-0.5.10/out/src/extension
[2021-01-25 12:34:27.408] [exthost] [info] ExtensionService#_doActivateExtension icrawl.discord-vscode {"startup":true,"extensionId":{"value":"icrawl.discord-vscode","_lower":"icrawl.discord-vscode"},"activationEvent":"*"}
[2021-01-25 12:34:27.408] [exthost] [info] ExtensionService#loadCommonJSModule file:///home/jake/.vscode/extensions/icrawl.discord-vscode-4.1.0/dist/extension
[2021-01-25 12:34:27.418] [exthost] [info] ExtensionService#_doActivateExtension PKief.material-icon-theme {"startup":true,"extensionId":{"value":"PKief.material-icon-theme","_lower":"pkief.material-icon-theme"},"activationEvent":"*"}
[2021-01-25 12:34:27.418] [exthost] [info] ExtensionService#loadCommonJSModule file:///home/jake/.vscode/extensions/pkief.material-icon-theme-4.5.0/dist/extension
[2021-01-25 12:34:27.427] [exthost] [info] ExtensionService#_doActivateExtension pranaygp.vscode-css-peek {"startup":true,"extensionId":{"value":"pranaygp.vscode-css-peek","_lower":"pranaygp.vscode-css-peek"},"activationEvent":"*"}
[2021-01-25 12:34:27.427] [exthost] [info] ExtensionService#loadCommonJSModule file:///home/jake/.vscode/extensions/pranaygp.vscode-css-peek-4.0.2/client/out/extension
[2021-01-25 12:34:27.487] [exthost] [info] ExtensionService#_doActivateExtension ritwickdey.LiveServer {"startup":true,"extensionId":{"value":"ritwickdey.LiveServer","_lower":"ritwickdey.liveserver"},"activationEvent":"*"}
[2021-01-25 12:34:27.487] [exthost] [info] ExtensionService#loadCommonJSModule file:///home/jake/.vscode/extensions/ritwickdey.liveserver-5.6.1/out/src/extension
[2021-01-25 12:34:28.050] [exthost] [info] ExtensionService#_doActivateExtension vscode-icons-team.vscode-icons {"startup":true,"extensionId":{"value":"vscode-icons-team.vscode-icons","_lower":"vscode-icons-team.vscode-icons"},"activationEvent":"*"}
[2021-01-25 12:34:28.050] [exthost] [info] ExtensionService#loadCommonJSModule file:///home/jake/.vscode/extensions/vscode-icons-team.vscode-icons-11.1.0/dist/src/vscode-icons.bundle.js
[2021-01-25 12:34:28.080] [exthost] [info] ExtensionService#_doActivateExtension Zignd.html-css-class-completion {"startup":true,"extensionId":{"value":"Zignd.html-css-class-completion","_lower":"zignd.html-css-class-completion"},"activationEvent":"*"}
[2021-01-25 12:34:28.081] [exthost] [info] ExtensionService#loadCommonJSModule file:///home/jake/.vscode/extensions/zignd.html-css-class-completion-1.20.0/dist/extension.js
[2021-01-25 12:34:28.307] [exthost] [info] ExtensionService#_doActivateExtension ms-vscode.js-debug {"startup":false,"extensionId":{"value":"ms-vscode.js-debug","_lower":"ms-vscode.js-debug"},"activationEvent":"onCommand:extension.js-debug.clearAutoAttachVariables"}
[2021-01-25 12:34:28.307] [exthost] [info] ExtensionService#loadCommonJSModule file:///usr/share/code/resources/app/extensions/ms-vscode.js-debug/src/extension.js
[2021-01-25 12:34:28.403] [exthost] [info] ExtensionService#_doActivateExtension vscode.github {"startup":false,"extensionId":{"value":"vscode.github","_lower":"vscode.github"},"activationEvent":"*"}
[2021-01-25 12:34:28.403] [exthost] [info] ExtensionService#loadCommonJSModule file:///usr/share/code/resources/app/extensions/github/dist/extension.js
[2021-01-25 12:34:28.666] [exthost] [info] ExtensionService#_doActivateExtension vscode.github-authentication {"startup":false,"extensionId":{"value":"vscode.github-authentication","_lower":"vscode.github-authentication"},"activationEvent":"onAuthenticationRequest:github"}
[2021-01-25 12:34:28.666] [exthost] [info] ExtensionService#loadCommonJSModule file:///usr/share/code/resources/app/extensions/github-authentication/dist/extension.js
[2021-01-25 12:34:29.478] [exthost] [info] eager extensions activated
[2021-01-25 12:34:29.480] [exthost] [info] ExtensionService#_doActivateExtension dbaeumer.vscode-eslint {"startup":false,"extensionId":{"value":"dbaeumer.vscode-eslint","_lower":"dbaeumer.vscode-eslint"},"activationEvent":"onStartupFinished"}
[2021-01-25 12:34:29.480] [exthost] [info] ExtensionService#loadCommonJSModule file:///home/jake/.vscode/extensions/dbaeumer.vscode-eslint-2.1.14/client/out/extension
[2021-01-25 12:34:29.493] [exthost] [info] ExtensionService#_doActivateExtension eamodio.gitlens {"startup":false,"extensionId":{"value":"eamodio.gitlens","_lower":"eamodio.gitlens"},"activationEvent":"onStartupFinished"}
[2021-01-25 12:34:29.494] [exthost] [info] ExtensionService#loadCommonJSModule file:///home/jake/.vscode/extensions/eamodio.gitlens-11.1.3/dist/gitlens
[2021-01-25 12:34:29.531] [exthost] [info] ExtensionService#_doActivateExtension esbenp.prettier-vscode {"startup":false,"extensionId":{"value":"esbenp.prettier-vscode","_lower":"esbenp.prettier-vscode"},"activationEvent":"onStartupFinished"}
[2021-01-25 12:34:29.531] [exthost] [info] ExtensionService#loadCommonJSModule file:///home/jake/.vscode/extensions/esbenp.prettier-vscode-5.8.0/dist/extension
[2021-01-25 12:34:29.604] [exthost] [info] ExtensionService#_doActivateExtension GitHub.vscode-pull-request-github {"startup":false,"extensionId":{"value":"GitHub.vscode-pull-request-github","_lower":"github.vscode-pull-request-github"},"activationEvent":"onStartupFinished"}
[2021-01-25 12:34:29.604] [exthost] [info] ExtensionService#loadCommonJSModule file:///home/jake/.vscode/extensions/github.vscode-pull-request-github-0.22.0/media/extension
[2021-01-25 12:34:47.420] [exthost] [info] extension host started
[2021-01-25 12:34:47.454] [exthost] [info] ExtensionService#_doActivateExtension vscode.microsoft-authentication {"startup":false,"extensionId":{"value":"vscode.microsoft-authentication","_lower":"vscode.microsoft-authentication"},"activationEvent":"onAuthenticationRequest:microsoft"}
[2021-01-25 12:34:47.454] [exthost] [info] ExtensionService#loadCommonJSModule file:///usr/share/code/resources/app/extensions/microsoft-authentication/dist/extension.js
[2021-01-25 12:34:47.462] [exthost] [info] ExtensionService#_doActivateExtension ms-vscode.js-debug {"startup":false,"extensionId":{"value":"ms-vscode.js-debug","_lower":"ms-vscode.js-debug"},"activationEvent":"onCommand:extension.js-debug.clearAutoAttachVariables"}
[2021-01-25 12:34:47.462] [exthost] [info] ExtensionService#loadCommonJSModule file:///usr/share/code/resources/app/extensions/ms-vscode.js-debug/src/extension.js
[2021-01-25 12:34:47.520] [exthost] [info] ExtensionService#_doActivateExtension vscode.debug-auto-launch {"startup":false,"extensionId":{"value":"vscode.debug-auto-launch","_lower":"vscode.debug-auto-launch"},"activationEvent":"*"}
[2021-01-25 12:34:47.520] [exthost] [info] ExtensionService#loadCommonJSModule file:///usr/share/code/resources/app/extensions/debug-auto-launch/dist/extension
[2021-01-25 12:34:47.522] [exthost] [info] ExtensionService#_doActivateExtension vscode.emmet {"startup":false,"extensionId":{"value":"vscode.emmet","_lower":"vscode.emmet"},"activationEvent":"*"}
[2021-01-25 12:34:47.522] [exthost] [info] ExtensionService#loadCommonJSModule file:///usr/share/code/resources/app/extensions/emmet/dist/node/emmetNodeMain
[2021-01-25 12:34:47.535] [exthost] [info] ExtensionService#_doActivateExtension vscode.git {"startup":false,"extensionId":{"value":"vscode.github","_lower":"vscode.github"},"activationEvent":"*"}
[2021-01-25 12:34:47.535] [exthost] [info] ExtensionService#loadCommonJSModule file:///usr/share/code/resources/app/extensions/git/dist/main
[2021-01-25 12:34:47.547] [exthost] [info] ExtensionService#_doActivateExtension vscode.merge-conflict {"startup":false,"extensionId":{"value":"vscode.merge-conflict","_lower":"vscode.merge-conflict"},"activationEvent":"*"}
[2021-01-25 12:34:47.547] [exthost] [info] ExtensionService#loadCommonJSModule file:///usr/share/code/resources/app/extensions/merge-conflict/dist/mergeConflictMain
[2021-01-25 12:34:47.548] [exthost] [info] ExtensionService#_doActivateExtension vscode.search-result {"startup":false,"extensionId":{"value":"vscode.search-result","_lower":"vscode.search-result"},"activationEvent":"*"}
[2021-01-25 12:34:47.548] [exthost] [info] ExtensionService#loadCommonJSModule file:///usr/share/code/resources/app/extensions/search-result/dist/extension.js
[2021-01-25 12:34:47.549] [exthost] [info] ExtensionService#_doActivateExtension christian-kohler.path-intellisense {"startup":false,"extensionId":{"value":"christian-kohler.path-intellisense","_lower":"christian-kohler.path-intellisense"},"activationEvent":"*"}
[2021-01-25 12:34:47.549] [exthost] [info] ExtensionService#loadCommonJSModule file:///home/jake/.vscode/extensions/christian-kohler.path-intellisense-2.3.0/out/extension.js
[2021-01-25 12:34:47.559] [exthost] [info] ExtensionService#_doActivateExtension Equinusocio.vsc-material-theme {"startup":false,"extensionId":{"value":"Equinusocio.vsc-material-theme","_lower":"equinusocio.vsc-material-theme"},"activationEvent":"*"}
[2021-01-25 12:34:47.559] [exthost] [info] ExtensionService#loadCommonJSModule file:///home/jake/.vscode/extensions/equinusocio.vsc-material-theme-33.1.2/build/material.theme.config
[2021-01-25 12:34:47.564] [exthost] [info] ExtensionService#_doActivateExtension equinusocio.vsc-material-theme-icons {"startup":false,"extensionId":{"value":"equinusocio.vsc-material-theme-icons","_lower":"equinusocio.vsc-material-theme-icons"},"activationEvent":"*"}
[2021-01-25 12:34:47.564] [exthost] [info] ExtensionService#loadCommonJSModule file:///home/jake/.vscode/extensions/equinusocio.vsc-material-theme-icons-1.2.2/out/src/extension
[2021-01-25 12:34:47.569] [exthost] [info] ExtensionService#_doActivateExtension formulahendry.auto-close-tag {"startup":false,"extensionId":{"value":"formulahendry.auto-close-tag","_lower":"formulahendry.auto-close-tag"},"activationEvent":"*"}
[2021-01-25 12:34:47.569] [exthost] [info] ExtensionService#loadCommonJSModule file:///home/jake/.vscode/extensions/formulahendry.auto-close-tag-0.5.10/out/src/extension
[2021-01-25 12:34:47.570] [exthost] [info] ExtensionService#_doActivateExtension icrawl.discord-vscode {"startup":false,"extensionId":{"value":"icrawl.discord-vscode","_lower":"icrawl.discord-vscode"},"activationEvent":"*"}
[2021-01-25 12:34:47.570] [exthost] [info] ExtensionService#loadCommonJSModule file:///home/jake/.vscode/extensions/icrawl.discord-vscode-4.1.0/dist/extension
[2021-01-25 12:34:47.574] [exthost] [info] ExtensionService#_doActivateExtension PKief.material-icon-theme {"startup":false,"extensionId":{"value":"PKief.material-icon-theme","_lower":"pkief.material-icon-theme"},"activationEvent":"*"}
[2021-01-25 12:34:47.574] [exthost] [info] ExtensionService#loadCommonJSModule file:///home/jake/.vscode/extensions/pkief.material-icon-theme-4.5.0/dist/extension
[2021-01-25 12:34:47.581] [exthost] [info] ExtensionService#_doActivateExtension pranaygp.vscode-css-peek {"startup":false,"extensionId":{"value":"pranaygp.vscode-css-peek","_lower":"pranaygp.vscode-css-peek"},"activationEvent":"*"}
[2021-01-25 12:34:47.581] [exthost] [info] ExtensionService#loadCommonJSModule file:///home/jake/.vscode/extensions/pranaygp.vscode-css-peek-4.0.2/client/out/extension
[2021-01-25 12:34:47.601] [exthost] [info] ExtensionService#_doActivateExtension ritwickdey.LiveServer {"startup":false,"extensionId":{"value":"ritwickdey.LiveServer","_lower":"ritwickdey.liveserver"},"activationEvent":"*"}
[2021-01-25 12:34:47.601] [exthost] [info] ExtensionService#loadCommonJSModule file:///home/jake/.vscode/extensions/ritwickdey.liveserver-5.6.1/out/src/extension
[2021-01-25 12:34:47.819] [exthost] [info] ExtensionService#_doActivateExtension vscode-icons-team.vscode-icons {"startup":false,"extensionId":{"value":"vscode-icons-team.vscode-icons","_lower":"vscode-icons-team.vscode-icons"},"activationEvent":"*"}
[2021-01-25 12:34:47.819] [exthost] [info] ExtensionService#loadCommonJSModule file:///home/jake/.vscode/extensions/vscode-icons-team.vscode-icons-11.1.0/dist/src/vscode-icons.bundle.js
[2021-01-25 12:34:47.838] [exthost] [info] ExtensionService#_doActivateExtension Zignd.html-css-class-completion {"startup":false,"extensionId":{"value":"Zignd.html-css-class-completion","_lower":"zignd.html-css-class-completion"},"activationEvent":"*"}
[2021-01-25 12:34:47.838] [exthost] [info] ExtensionService#loadCommonJSModule file:///home/jake/.vscode/extensions/zignd.html-css-class-completion-1.20.0/dist/extension.js
[2021-01-25 12:34:47.888] [exthost] [info] ExtensionService#_doActivateExtension vscode.github-authentication {"startup":false,"extensionId":{"value":"vscode.github-authentication","_lower":"vscode.github-authentication"},"activationEvent":"onAuthenticationRequest:github"}
[2021-01-25 12:34:47.888] [exthost] [info] ExtensionService#loadCommonJSModule file:///usr/share/code/resources/app/extensions/github-authentication/dist/extension.js
[2021-01-25 12:34:48.704] [exthost] [info] ExtensionService#_doActivateExtension vscode.github {"startup":false,"extensionId":{"value":"vscode.github","_lower":"vscode.github"},"activationEvent":"*"}
[2021-01-25 12:34:48.704] [exthost] [info] ExtensionService#loadCommonJSModule file:///usr/share/code/resources/app/extensions/github/dist/extension.js
[2021-01-25 12:34:48.711] [exthost] [info] eager extensions activated
[2021-01-25 12:34:48.712] [exthost] [info] ExtensionService#_doActivateExtension dbaeumer.vscode-eslint {"startup":false,"extensionId":{"value":"dbaeumer.vscode-eslint","_lower":"dbaeumer.vscode-eslint"},"activationEvent":"onStartupFinished"}
[2021-01-25 12:34:48.712] [exthost] [info] ExtensionService#loadCommonJSModule file:///home/jake/.vscode/extensions/dbaeumer.vscode-eslint-2.1.14/client/out/extension
[2021-01-25 12:34:48.720] [exthost] [info] ExtensionService#_doActivateExtension eamodio.gitlens {"startup":false,"extensionId":{"value":"eamodio.gitlens","_lower":"eamodio.gitlens"},"activationEvent":"onStartupFinished"}
[2021-01-25 12:34:48.720] [exthost] [info] ExtensionService#loadCommonJSModule file:///home/jake/.vscode/extensions/eamodio.gitlens-11.1.3/dist/gitlens
[2021-01-25 12:34:48.747] [exthost] [info] ExtensionService#_doActivateExtension esbenp.prettier-vscode {"startup":false,"extensionId":{"value":"esbenp.prettier-vscode","_lower":"esbenp.prettier-vscode"},"activationEvent":"onStartupFinished"}
[2021-01-25 12:34:48.747] [exthost] [info] ExtensionService#loadCommonJSModule file:///home/jake/.vscode/extensions/esbenp.prettier-vscode-5.8.0/dist/extension
[2021-01-25 12:34:48.809] [exthost] [info] ExtensionService#_doActivateExtension GitHub.vscode-pull-request-github {"startup":false,"extensionId":{"value":"GitHub.vscode-pull-request-github","_lower":"github.vscode-pull-request-github"},"activationEvent":"onStartupFinished"}
[2021-01-25 12:34:48.809] [exthost] [info] ExtensionService#loadCommonJSModule file:///home/jake/.vscode/extensions/github.vscode-pull-request-github-0.22.0/media/extension
[2021-01-25 12:35:10.517] [exthost] [info] ExtensionService#_doActivateExtension vscode.html-language-features {"startup":false,"extensionId":{"value":"vscode.html-language-features","_lower":"vscode.html-language-features"},"activationEvent":"onLanguage:html"}
[2021-01-25 12:35:10.517] [exthost] [info] ExtensionService#loadCommonJSModule file:///usr/share/code/resources/app/extensions/html-language-features/client/dist/node/htmlClientMain
[2021-01-25 12:35:10.547] [exthost] [info] ExtensionService#_doActivateExtension aaron-bond.better-comments {"startup":false,"extensionId":{"value":"aaron-bond.better-comments","_lower":"aaron-bond.better-comments"},"activationEvent":"onLanguage:html"}
[2021-01-25 12:35:10.547] [exthost] [info] ExtensionService#loadCommonJSModule file:///home/jake/.vscode/extensions/aaron-bond.better-comments-2.1.0/out/extension
[2021-01-25 13:11:05.738] [exthost] [info] extension host started
[2021-01-25 13:11:05.793] [exthost] [info] ExtensionService#_doActivateExtension vscode.microsoft-authentication {"startup":false,"extensionId":{"value":"vscode.microsoft-authentication","_lower":"vscode.microsoft-authentication"},"activationEvent":"onAuthenticationRequest:microsoft"}
[2021-01-25 13:11:05.794] [exthost] [info] ExtensionService#loadCommonJSModule file:///usr/share/code/resources/app/extensions/microsoft-authentication/dist/extension.js
[2021-01-25 13:11:05.815] [exthost] [info] ExtensionService#_doActivateExtension ms-vscode.js-debug {"startup":false,"extensionId":{"value":"ms-vscode.js-debug","_lower":"ms-vscode.js-debug"},"activationEvent":"onCommand:extension.js-debug.clearAutoAttachVariables"}
[2021-01-25 13:11:05.815] [exthost] [info] ExtensionService#loadCommonJSModule file:///usr/share/code/resources/app/extensions/ms-vscode.js-debug/src/extension.js
[2021-01-25 13:11:05.900] [exthost] [info] ExtensionService#_doActivateExtension vscode.debug-auto-launch {"startup":false,"extensionId":{"value":"vscode.debug-auto-launch","_lower":"vscode.debug-auto-launch"},"activationEvent":"*"}
[2021-01-25 13:11:05.900] [exthost] [info] ExtensionService#loadCommonJSModule file:///usr/share/code/resources/app/extensions/debug-auto-launch/dist/extension
[2021-01-25 13:11:05.905] [exthost] [info] ExtensionService#_doActivateExtension vscode.emmet {"startup":false,"extensionId":{"value":"vscode.emmet","_lower":"vscode.emmet"},"activationEvent":"*"}
[2021-01-25 13:11:05.905] [exthost] [info] ExtensionService#loadCommonJSModule file:///usr/share/code/resources/app/extensions/emmet/dist/node/emmetNodeMain
[2021-01-25 13:11:05.929] [exthost] [info] ExtensionService#_doActivateExtension vscode.git {"startup":false,"extensionId":{"value":"vscode.github","_lower":"vscode.github"},"activationEvent":"*"}
[2021-01-25 13:11:05.929] [exthost] [info] ExtensionService#loadCommonJSModule file:///usr/share/code/resources/app/extensions/git/dist/main
[2021-01-25 13:11:05.954] [exthost] [info] ExtensionService#_doActivateExtension vscode.merge-conflict {"startup":false,"extensionId":{"value":"vscode.merge-conflict","_lower":"vscode.merge-conflict"},"activationEvent":"*"}
[2021-01-25 13:11:05.954] [exthost] [info] ExtensionService#loadCommonJSModule file:///usr/share/code/resources/app/extensions/merge-conflict/dist/mergeConflictMain
[2021-01-25 13:11:05.957] [exthost] [info] ExtensionService#_doActivateExtension vscode.search-result {"startup":false,"extensionId":{"value":"vscode.search-result","_lower":"vscode.search-result"},"activationEvent":"*"}
[2021-01-25 13:11:05.957] [exthost] [info] ExtensionService#loadCommonJSModule file:///usr/share/code/resources/app/extensions/search-result/dist/extension.js
[2021-01-25 13:11:05.959] [exthost] [info] ExtensionService#_doActivateExtension christian-kohler.path-intellisense {"startup":false,"extensionId":{"value":"christian-kohler.path-intellisense","_lower":"christian-kohler.path-intellisense"},"activationEvent":"*"}
[2021-01-25 13:11:05.959] [exthost] [info] ExtensionService#loadCommonJSModule file:///home/jake/.vscode/extensions/christian-kohler.path-intellisense-2.3.0/out/extension.js
[2021-01-25 13:11:05.984] [exthost] [info] ExtensionService#_doActivateExtension Equinusocio.vsc-material-theme {"startup":false,"extensionId":{"value":"Equinusocio.vsc-material-theme","_lower":"equinusocio.vsc-material-theme"},"activationEvent":"*"}
[2021-01-25 13:11:05.984] [exthost] [info] ExtensionService#loadCommonJSModule file:///home/jake/.vscode/extensions/equinusocio.vsc-material-theme-33.1.2/build/material.theme.config
[2021-01-25 13:11:06.003] [exthost] [info] ExtensionService#_doActivateExtension equinusocio.vsc-material-theme-icons {"startup":false,"extensionId":{"value":"equinusocio.vsc-material-theme-icons","_lower":"equinusocio.vsc-material-theme-icons"},"activationEvent":"*"}
[2021-01-25 13:11:06.003] [exthost] [info] ExtensionService#loadCommonJSModule file:///home/jake/.vscode/extensions/equinusocio.vsc-material-theme-icons-1.2.2/out/src/extension
[2021-01-25 13:11:06.020] [exthost] [info] ExtensionService#_doActivateExtension formulahendry.auto-close-tag {"startup":false,"extensionId":{"value":"formulahendry.auto-close-tag","_lower":"formulahendry.auto-close-tag"},"activationEvent":"*"}
[2021-01-25 13:11:06.020] [exthost] [info] ExtensionService#loadCommonJSModule file:///home/jake/.vscode/extensions/formulahendry.auto-close-tag-0.5.10/out/src/extension
[2021-01-25 13:11:06.023] [exthost] [info] ExtensionService#_doActivateExtension icrawl.discord-vscode {"startup":false,"extensionId":{"value":"icrawl.discord-vscode","_lower":"icrawl.discord-vscode"},"activationEvent":"*"}
[2021-01-25 13:11:06.023] [exthost] [info] ExtensionService#loadCommonJSModule file:///home/jake/.vscode/extensions/icrawl.discord-vscode-4.1.0/dist/extension
[2021-01-25 13:11:06.031] [exthost] [info] ExtensionService#_doActivateExtension PKief.material-icon-theme {"startup":false,"extensionId":{"value":"PKief.material-icon-theme","_lower":"pkief.material-icon-theme"},"activationEvent":"*"}
[2021-01-25 13:11:06.031] [exthost] [info] ExtensionService#loadCommonJSModule file:///home/jake/.vscode/extensions/pkief.material-icon-theme-4.5.0/dist/extension
[2021-01-25 13:11:06.042] [exthost] [info] ExtensionService#_doActivateExtension pranaygp.vscode-css-peek {"startup":false,"extensionId":{"value":"pranaygp.vscode-css-peek","_lower":"pranaygp.vscode-css-peek"},"activationEvent":"*"}
[2021-01-25 13:11:06.042] [exthost] [info] ExtensionService#loadCommonJSModule file:///home/jake/.vscode/extensions/pranaygp.vscode-css-peek-4.0.2/client/out/extension
[2021-01-25 13:11:06.093] [exthost] [info] ExtensionService#_doActivateExtension ritwickdey.LiveServer {"startup":false,"extensionId":{"value":"ritwickdey.LiveServer","_lower":"ritwickdey.liveserver"},"activationEvent":"*"}
[2021-01-25 13:11:06.093] [exthost] [info] ExtensionService#loadCommonJSModule file:///home/jake/.vscode/extensions/ritwickdey.liveserver-5.6.1/out/src/extension
[2021-01-25 13:11:06.626] [exthost] [info] ExtensionService#_doActivateExtension vscode-icons-team.vscode-icons {"startup":false,"extensionId":{"value":"vscode-icons-team.vscode-icons","_lower":"vscode-icons-team.vscode-icons"},"activationEvent":"*"}
[2021-01-25 13:11:06.626] [exthost] [info] ExtensionService#loadCommonJSModule file:///home/jake/.vscode/extensions/vscode-icons-team.vscode-icons-11.1.0/dist/src/vscode-icons.bundle.js
[2021-01-25 13:11:06.652] [exthost] [info] ExtensionService#_doActivateExtension Zignd.html-css-class-completion {"startup":false,"extensionId":{"value":"Zignd.html-css-class-completion","_lower":"zignd.html-css-class-completion"},"activationEvent":"*"}
[2021-01-25 13:11:06.652] [exthost] [info] ExtensionService#loadCommonJSModule file:///home/jake/.vscode/extensions/zignd.html-css-class-completion-1.20.0/dist/extension.js
[2021-01-25 13:11:06.719] [exthost] [info] ExtensionService#_doActivateExtension vscode.github-authentication {"startup":false,"extensionId":{"value":"vscode.github-authentication","_lower":"vscode.github-authentication"},"activationEvent":"onAuthenticationRequest:github"}
[2021-01-25 13:11:06.719] [exthost] [info] ExtensionService#loadCommonJSModule file:///usr/share/code/resources/app/extensions/github-authentication/dist/extension.js
[2021-01-25 13:11:06.730] [exthost] [info] ExtensionService#_doActivateExtension vscode.html-language-features {"startup":false,"extensionId":{"value":"vscode.html-language-features","_lower":"vscode.html-language-features"},"activationEvent":"onLanguage:html"}
[2021-01-25 13:11:06.730] [exthost] [info] ExtensionService#loadCommonJSModule file:///usr/share/code/resources/app/extensions/html-language-features/client/dist/node/htmlClientMain
[2021-01-25 13:11:06.752] [exthost] [info] ExtensionService#_doActivateExtension aaron-bond.better-comments {"startup":false,"extensionId":{"value":"aaron-bond.better-comments","_lower":"aaron-bond.better-comments"},"activationEvent":"onLanguage:html"}
[2021-01-25 13:11:06.752] [exthost] [info] ExtensionService#loadCommonJSModule file:///home/jake/.vscode/extensions/aaron-bond.better-comments-2.1.0/out/extension
[2021-01-25 13:11:08.566] [exthost] [info] ExtensionService#_doActivateExtension vscode.github {"startup":false,"extensionId":{"value":"vscode.github","_lower":"vscode.github"},"activationEvent":"*"}
[2021-01-25 13:11:08.566] [exthost] [info] ExtensionService#loadCommonJSModule file:///usr/share/code/resources/app/extensions/github/dist/extension.js
[2021-01-25 13:11:08.575] [exthost] [info] eager extensions activated
[2021-01-25 13:11:08.576] [exthost] [info] ExtensionService#_doActivateExtension dbaeumer.vscode-eslint {"startup":false,"extensionId":{"value":"dbaeumer.vscode-eslint","_lower":"dbaeumer.vscode-eslint"},"activationEvent":"onStartupFinished"}
[2021-01-25 13:11:08.576] [exthost] [info] ExtensionService#loadCommonJSModule file:///home/jake/.vscode/extensions/dbaeumer.vscode-eslint-2.1.14/client/out/extension
[2021-01-25 13:11:08.588] [exthost] [info] ExtensionService#_doActivateExtension eamodio.gitlens {"startup":false,"extensionId":{"value":"eamodio.gitlens","_lower":"eamodio.gitlens"},"activationEvent":"onStartupFinished"}
[2021-01-25 13:11:08.588] [exthost] [info] ExtensionService#loadCommonJSModule file:///home/jake/.vscode/extensions/eamodio.gitlens-11.1.3/dist/gitlens
[2021-01-25 13:11:08.631] [exthost] [info] ExtensionService#_doActivateExtension esbenp.prettier-vscode {"startup":false,"extensionId":{"value":"esbenp.prettier-vscode","_lower":"esbenp.prettier-vscode"},"activationEvent":"onStartupFinished"}
[2021-01-25 13:11:08.631] [exthost] [info] ExtensionService#loadCommonJSModule file:///home/jake/.vscode/extensions/esbenp.prettier-vscode-5.8.0/dist/extension
[2021-01-25 13:11:08.703] [exthost] [info] ExtensionService#_doActivateExtension GitHub.vscode-pull-request-github {"startup":false,"extensionId":{"value":"GitHub.vscode-pull-request-github","_lower":"github.vscode-pull-request-github"},"activationEvent":"onStartupFinished"}
[2021-01-25 13:11:08.703] [exthost] [info] ExtensionService#loadCommonJSModule file:///home/jake/.vscode/extensions/github.vscode-pull-request-github-0.22.0/media/extension
