Looking for git in: git
Using git 2.25.1 from git
> git rev-parse --git-dir
Open repository: /home/jake/Documents/Web Development/portfolio
> git fetch
> git status -z -u
> git symbolic-ref --short HEAD
> git for-each-ref --format=%(refname)%00%(upstream:short)%00%(upstream:track)%00%(objectname) refs/heads/gh-pages refs/remotes/gh-pages
fatal: unable to access 'https://github.com/WizardsofBoz/portfolio/': Could not resolve host: github.com
> git check-ignore -v -z --stdin
> git for-each-ref --sort -committerdate --format %(refname) %(objectname) %(*objectname)
> git remote --verbose
> git config --get commit.template
> git show --textconv :index.html
> git show --textconv :style.scss
> git ls-files --stage -- /home/jake/Documents/Web Development/portfolio/index.html
> git ls-files --stage -- /home/jake/Documents/Web Development/portfolio/style.scss
> git cat-file -s 7f987467bceea64c30f6e70566fc8c26aed8a67b
> git cat-file -s dadd3b36a6e8d6fce08d89a6eaf7b6251400c05c
> git ls-files --stage -- /home/jake/Documents/Web Development/portfolio/index.html
> git ls-files --stage -- /home/jake/Documents/Web Development/portfolio/style.scss
> git cat-file -s 7f987467bceea64c30f6e70566fc8c26aed8a67b
> git cat-file -s dadd3b36a6e8d6fce08d89a6eaf7b6251400c05c
> git show --textconv :index.html
> git show --textconv :style.scss
> git status -z -u
> git symbolic-ref --short HEAD
> git for-each-ref --format=%(refname)%00%(upstream:short)%00%(upstream:track)%00%(objectname) refs/heads/gh-pages refs/remotes/gh-pages
> git for-each-ref --sort -committerdate --format %(refname) %(objectname) %(*objectname)
> git remote --verbose
> git config --get commit.template
> git status -z -u
> git symbolic-ref --short HEAD
> git for-each-ref --format=%(refname)%00%(upstream:short)%00%(upstream:track)%00%(objectname) refs/heads/gh-pages refs/remotes/gh-pages
> git for-each-ref --sort -committerdate --format %(refname) %(objectname) %(*objectname)
> git remote --verbose
> git config --get commit.template
> git fetch
fatal: unable to access 'https://github.com/WizardsofBoz/portfolio/': Could not resolve host: github.com
> git ls-files --stage -- /home/jake/Documents/Web Development/portfolio/index.html
> git ls-files --stage -- /home/jake/Documents/Web Development/portfolio/style.scss
> git cat-file -s 7f987467bceea64c30f6e70566fc8c26aed8a67b
> git cat-file -s dadd3b36a6e8d6fce08d89a6eaf7b6251400c05c
> git show --textconv :index.html
> git show --textconv :style.scss
> git status -z -u
> git symbolic-ref --short HEAD
> git for-each-ref --format=%(refname)%00%(upstream:short)%00%(upstream:track)%00%(objectname) refs/heads/gh-pages refs/remotes/gh-pages
> git for-each-ref --sort -committerdate --format %(refname) %(objectname) %(*objectname)
> git remote --verbose
> git config --get commit.template
> git fetch
fatal: unable to access 'https://github.com/WizardsofBoz/portfolio/': Could not resolve host: github.com
> git ls-files --stage -- /home/jake/Documents/Web Development/portfolio/index.html
> git ls-files --stage -- /home/jake/Documents/Web Development/portfolio/style.scss
> git cat-file -s 7f987467bceea64c30f6e70566fc8c26aed8a67b
> git cat-file -s dadd3b36a6e8d6fce08d89a6eaf7b6251400c05c
> git show --textconv :index.html
> git show --textconv :style.scss
> git status -z -u
> git symbolic-ref --short HEAD
> git for-each-ref --format=%(refname)%00%(upstream:short)%00%(upstream:track)%00%(objectname) refs/heads/gh-pages refs/remotes/gh-pages
> git for-each-ref --sort -committerdate --format %(refname) %(objectname) %(*objectname)
> git remote --verbose
> git config --get commit.template
> git status -z -u
> git symbolic-ref --short HEAD
> git for-each-ref --format=%(refname)%00%(upstream:short)%00%(upstream:track)%00%(objectname) refs/heads/gh-pages refs/remotes/gh-pages
> git for-each-ref --sort -committerdate --format %(refname) %(objectname) %(*objectname)
> git remote --verbose
> git config --get commit.template
> git status -z -u
> git symbolic-ref --short HEAD
> git for-each-ref --format=%(refname)%00%(upstream:short)%00%(upstream:track)%00%(objectname) refs/heads/gh-pages refs/remotes/gh-pages
> git for-each-ref --sort -committerdate --format %(refname) %(objectname) %(*objectname)
> git remote --verbose
> git config --get commit.template
> git status -z -u
> git symbolic-ref --short HEAD
> git for-each-ref --format=%(refname)%00%(upstream:short)%00%(upstream:track)%00%(objectname) refs/heads/gh-pages refs/remotes/gh-pages
> git for-each-ref --sort -committerdate --format %(refname) %(objectname) %(*objectname)
> git remote --verbose
> git config --get commit.template
> git status -z -u
> git symbolic-ref --short HEAD
> git for-each-ref --format=%(refname)%00%(upstream:short)%00%(upstream:track)%00%(objectname) refs/heads/gh-pages refs/remotes/gh-pages
> git for-each-ref --sort -committerdate --format %(refname) %(objectname) %(*objectname)
> git remote --verbose
> git config --get commit.template
> git status -z -u
> git symbolic-ref --short HEAD
> git for-each-ref --format=%(refname)%00%(upstream:short)%00%(upstream:track)%00%(objectname) refs/heads/gh-pages refs/remotes/gh-pages
> git for-each-ref --sort -committerdate --format %(refname) %(objectname) %(*objectname)
> git remote --verbose
> git config --get commit.template
> git status -z -u
> git symbolic-ref --short HEAD
> git for-each-ref --format=%(refname)%00%(upstream:short)%00%(upstream:track)%00%(objectname) refs/heads/gh-pages refs/remotes/gh-pages
> git for-each-ref --sort -committerdate --format %(refname) %(objectname) %(*objectname)
> git remote --verbose
> git config --get commit.template
> git status -z -u
> git symbolic-ref --short HEAD
> git for-each-ref --format=%(refname)%00%(upstream:short)%00%(upstream:track)%00%(objectname) refs/heads/gh-pages refs/remotes/gh-pages
> git for-each-ref --sort -committerdate --format %(refname) %(objectname) %(*objectname)
> git remote --verbose
> git config --get commit.template
> git status -z -u
> git symbolic-ref --short HEAD
> git for-each-ref --format=%(refname)%00%(upstream:short)%00%(upstream:track)%00%(objectname) refs/heads/gh-pages refs/remotes/gh-pages
> git for-each-ref --sort -committerdate --format %(refname) %(objectname) %(*objectname)
> git remote --verbose
> git config --get commit.template
> git status -z -u
> git symbolic-ref --short HEAD
> git for-each-ref --format=%(refname)%00%(upstream:short)%00%(upstream:track)%00%(objectname) refs/heads/gh-pages refs/remotes/gh-pages
> git for-each-ref --sort -committerdate --format %(refname) %(objectname) %(*objectname)
> git remote --verbose
> git config --get commit.template
> git status -z -u
> git symbolic-ref --short HEAD
> git for-each-ref --format=%(refname)%00%(upstream:short)%00%(upstream:track)%00%(objectname) refs/heads/gh-pages refs/remotes/gh-pages
> git for-each-ref --sort -committerdate --format %(refname) %(objectname) %(*objectname)
> git remote --verbose
> git config --get commit.template
> git fetch
fatal: unable to access 'https://github.com/WizardsofBoz/portfolio/': Could not resolve host: github.com
> git ls-files --stage -- /home/jake/Documents/Web Development/portfolio/index.html
> git ls-files --stage -- /home/jake/Documents/Web Development/portfolio/style.scss
> git cat-file -s 7f987467bceea64c30f6e70566fc8c26aed8a67b
> git cat-file -s dadd3b36a6e8d6fce08d89a6eaf7b6251400c05c
> git show --textconv :index.html
> git show --textconv :style.scss
> git status -z -u
> git symbolic-ref --short HEAD
> git for-each-ref --format=%(refname)%00%(upstream:short)%00%(upstream:track)%00%(objectname) refs/heads/gh-pages refs/remotes/gh-pages
> git for-each-ref --sort -committerdate --format %(refname) %(objectname) %(*objectname)
> git remote --verbose
> git config --get commit.template
> git status -z -u
> git symbolic-ref --short HEAD
> git for-each-ref --format=%(refname)%00%(upstream:short)%00%(upstream:track)%00%(objectname) refs/heads/gh-pages refs/remotes/gh-pages
> git for-each-ref --sort -committerdate --format %(refname) %(objectname) %(*objectname)
> git remote --verbose
> git config --get commit.template
> git status -z -u
> git symbolic-ref --short HEAD
> git for-each-ref --format=%(refname)%00%(upstream:short)%00%(upstream:track)%00%(objectname) refs/heads/gh-pages refs/remotes/gh-pages
> git for-each-ref --sort -committerdate --format %(refname) %(objectname) %(*objectname)
> git remote --verbose
> git config --get commit.template
> git status -z -u
> git symbolic-ref --short HEAD
> git for-each-ref --format=%(refname)%00%(upstream:short)%00%(upstream:track)%00%(objectname) refs/heads/gh-pages refs/remotes/gh-pages
> git for-each-ref --sort -committerdate --format %(refname) %(objectname) %(*objectname)
> git remote --verbose
> git config --get commit.template
> git fetch
fatal: unable to access 'https://github.com/WizardsofBoz/portfolio/': Could not resolve host: github.com
> git ls-files --stage -- /home/jake/Documents/Web Development/portfolio/index.html
> git ls-files --stage -- /home/jake/Documents/Web Development/portfolio/style.scss
> git cat-file -s 7f987467bceea64c30f6e70566fc8c26aed8a67b
> git cat-file -s dadd3b36a6e8d6fce08d89a6eaf7b6251400c05c
> git show --textconv :index.html
> git show --textconv :style.scss
> git status -z -u
> git symbolic-ref --short HEAD
> git for-each-ref --format=%(refname)%00%(upstream:short)%00%(upstream:track)%00%(objectname) refs/heads/gh-pages refs/remotes/gh-pages
> git for-each-ref --sort -committerdate --format %(refname) %(objectname) %(*objectname)
> git remote --verbose
> git config --get commit.template
> git fetch
fatal: unable to access 'https://github.com/WizardsofBoz/portfolio/': Could not resolve host: github.com
> git ls-files --stage -- /home/jake/Documents/Web Development/portfolio/index.html
> git ls-files --stage -- /home/jake/Documents/Web Development/portfolio/style.scss
> git cat-file -s 7f987467bceea64c30f6e70566fc8c26aed8a67b
> git cat-file -s dadd3b36a6e8d6fce08d89a6eaf7b6251400c05c
> git show --textconv :index.html
> git show --textconv :style.scss
> git status -z -u
> git symbolic-ref --short HEAD
> git for-each-ref --format=%(refname)%00%(upstream:short)%00%(upstream:track)%00%(objectname) refs/heads/gh-pages refs/remotes/gh-pages
> git for-each-ref --sort -committerdate --format %(refname) %(objectname) %(*objectname)
> git remote --verbose
> git config --get commit.template
> git fetch
fatal: unable to access 'https://github.com/WizardsofBoz/portfolio/': Could not resolve host: github.com
> git ls-files --stage -- /home/jake/Documents/Web Development/portfolio/index.html
> git ls-files --stage -- /home/jake/Documents/Web Development/portfolio/style.scss
> git cat-file -s 7f987467bceea64c30f6e70566fc8c26aed8a67b
> git cat-file -s dadd3b36a6e8d6fce08d89a6eaf7b6251400c05c
> git show --textconv :index.html
> git show --textconv :style.scss
> git status -z -u
> git symbolic-ref --short HEAD
> git for-each-ref --format=%(refname)%00%(upstream:short)%00%(upstream:track)%00%(objectname) refs/heads/gh-pages refs/remotes/gh-pages
> git for-each-ref --sort -committerdate --format %(refname) %(objectname) %(*objectname)
> git remote --verbose
> git config --get commit.template
> git fetch
fatal: unable to access 'https://github.com/WizardsofBoz/portfolio/': Could not resolve host: github.com
> git ls-files --stage -- /home/jake/Documents/Web Development/portfolio/index.html
> git ls-files --stage -- /home/jake/Documents/Web Development/portfolio/style.scss
> git cat-file -s 7f987467bceea64c30f6e70566fc8c26aed8a67b
> git cat-file -s dadd3b36a6e8d6fce08d89a6eaf7b6251400c05c
> git show --textconv :index.html
> git show --textconv :style.scss
> git status -z -u
> git symbolic-ref --short HEAD
> git for-each-ref --format=%(refname)%00%(upstream:short)%00%(upstream:track)%00%(objectname) refs/heads/gh-pages refs/remotes/gh-pages
> git for-each-ref --sort -committerdate --format %(refname) %(objectname) %(*objectname)
> git remote --verbose
> git config --get commit.template
> git fetch
fatal: unable to access 'https://github.com/WizardsofBoz/portfolio/': Could not resolve host: github.com
> git ls-files --stage -- /home/jake/Documents/Web Development/portfolio/index.html
> git ls-files --stage -- /home/jake/Documents/Web Development/portfolio/style.scss
> git cat-file -s 7f987467bceea64c30f6e70566fc8c26aed8a67b
> git cat-file -s dadd3b36a6e8d6fce08d89a6eaf7b6251400c05c
> git show --textconv :index.html
> git show --textconv :style.scss
> git status -z -u
> git symbolic-ref --short HEAD
> git for-each-ref --format=%(refname)%00%(upstream:short)%00%(upstream:track)%00%(objectname) refs/heads/gh-pages refs/remotes/gh-pages
> git for-each-ref --sort -committerdate --format %(refname) %(objectname) %(*objectname)
> git remote --verbose
> git config --get commit.template
> git status -z -u
> git symbolic-ref --short HEAD
> git for-each-ref --format=%(refname)%00%(upstream:short)%00%(upstream:track)%00%(objectname) refs/heads/gh-pages refs/remotes/gh-pages
> git for-each-ref --sort -committerdate --format %(refname) %(objectname) %(*objectname)
> git remote --verbose
> git config --get commit.template
> git status -z -u
> git symbolic-ref --short HEAD
> git for-each-ref --format=%(refname)%00%(upstream:short)%00%(upstream:track)%00%(objectname) refs/heads/gh-pages refs/remotes/gh-pages
> git for-each-ref --sort -committerdate --format %(refname) %(objectname) %(*objectname)
> git remote --verbose
> git config --get commit.template
> git fetch
> git status -z -u
> git symbolic-ref --short HEAD
> git for-each-ref --format=%(refname)%00%(upstream:short)%00%(upstream:track)%00%(objectname) refs/heads/gh-pages refs/remotes/gh-pages
> git for-each-ref --sort -committerdate --format %(refname) %(objectname) %(*objectname)
> git remote --verbose
> git config --get commit.template
> git ls-files --stage -- /home/jake/Documents/Web Development/portfolio/index.html
> git ls-files --stage -- /home/jake/Documents/Web Development/portfolio/style.scss
> git cat-file -s 7f987467bceea64c30f6e70566fc8c26aed8a67b
> git cat-file -s dadd3b36a6e8d6fce08d89a6eaf7b6251400c05c
> git show --textconv :index.html
> git show --textconv :style.scss
> git status -z -u
> git symbolic-ref --short HEAD
> git for-each-ref --format=%(refname)%00%(upstream:short)%00%(upstream:track)%00%(objectname) refs/heads/gh-pages refs/remotes/gh-pages
> git for-each-ref --sort -committerdate --format %(refname) %(objectname) %(*objectname)
> git remote --verbose
> git config --get commit.template
> git fetch
> git status -z -u
> git symbolic-ref --short HEAD
> git for-each-ref --format=%(refname)%00%(upstream:short)%00%(upstream:track)%00%(objectname) refs/heads/gh-pages refs/remotes/gh-pages
> git for-each-ref --sort -committerdate --format %(refname) %(objectname) %(*objectname)
> git remote --verbose
> git config --get commit.template
> git fetch
> git ls-files --stage -- /home/jake/Documents/Web Development/portfolio/index.html
> git ls-files --stage -- /home/jake/Documents/Web Development/portfolio/style.scss
> git cat-file -s dadd3b36a6e8d6fce08d89a6eaf7b6251400c05c
> git cat-file -s 7f987467bceea64c30f6e70566fc8c26aed8a67b
> git show --textconv :style.scss
> git show --textconv :index.html
> git status -z -u
> git symbolic-ref --short HEAD
> git for-each-ref --format=%(refname)%00%(upstream:short)%00%(upstream:track)%00%(objectname) refs/heads/gh-pages refs/remotes/gh-pages
> git for-each-ref --sort -committerdate --format %(refname) %(objectname) %(*objectname)
> git remote --verbose
> git config --get commit.template
> git fetch
> git ls-files --stage -- /home/jake/Documents/Web Development/portfolio/index.html
> git ls-files --stage -- /home/jake/Documents/Web Development/portfolio/style.scss
> git cat-file -s 7f987467bceea64c30f6e70566fc8c26aed8a67b
> git cat-file -s dadd3b36a6e8d6fce08d89a6eaf7b6251400c05c
> git show --textconv :index.html
> git show --textconv :style.scss
> git status -z -u
> git symbolic-ref --short HEAD
> git for-each-ref --format=%(refname)%00%(upstream:short)%00%(upstream:track)%00%(objectname) refs/heads/gh-pages refs/remotes/gh-pages
> git for-each-ref --sort -committerdate --format %(refname) %(objectname) %(*objectname)
> git remote --verbose
> git config --get commit.template
> git ls-files --stage -- /home/jake/Documents/Web Development/portfolio/index.html
> git ls-files --stage -- /home/jake/Documents/Web Development/portfolio/style.scss
> git cat-file -s 7f987467bceea64c30f6e70566fc8c26aed8a67b
> git cat-file -s dadd3b36a6e8d6fce08d89a6eaf7b6251400c05c
> git show --textconv :index.html
> git show --textconv :style.scss
> git fetch
> git status -z -u
> git symbolic-ref --short HEAD
> git for-each-ref --format=%(refname)%00%(upstream:short)%00%(upstream:track)%00%(objectname) refs/heads/gh-pages refs/remotes/gh-pages
> git for-each-ref --sort -committerdate --format %(refname) %(objectname) %(*objectname)
> git remote --verbose
> git config --get commit.template
> git status -z -u
> git symbolic-ref --short HEAD
> git for-each-ref --format=%(refname)%00%(upstream:short)%00%(upstream:track)%00%(objectname) refs/heads/gh-pages refs/remotes/gh-pages
> git for-each-ref --sort -committerdate --format %(refname) %(objectname) %(*objectname)
> git remote --verbose
> git config --get commit.template
> git fetch
> git ls-files --stage -- /home/jake/Documents/Web Development/portfolio/index.html
> git ls-files --stage -- /home/jake/Documents/Web Development/portfolio/style.scss
> git cat-file -s 7f987467bceea64c30f6e70566fc8c26aed8a67b
> git cat-file -s dadd3b36a6e8d6fce08d89a6eaf7b6251400c05c
> git show --textconv :index.html
> git show --textconv :style.scss
> git status -z -u
> git symbolic-ref --short HEAD
> git for-each-ref --format=%(refname)%00%(upstream:short)%00%(upstream:track)%00%(objectname) refs/heads/gh-pages refs/remotes/gh-pages
> git for-each-ref --sort -committerdate --format %(refname) %(objectname) %(*objectname)
> git remote --verbose
> git config --get commit.template
> git ls-files --stage -- /home/jake/Documents/Web Development/portfolio/index.html
> git ls-files --stage -- /home/jake/Documents/Web Development/portfolio/style.scss
> git cat-file -s 7f987467bceea64c30f6e70566fc8c26aed8a67b
> git cat-file -s dadd3b36a6e8d6fce08d89a6eaf7b6251400c05c
> git show --textconv :index.html
> git show --textconv :style.scss
> git status -z -u
> git symbolic-ref --short HEAD
> git for-each-ref --format=%(refname)%00%(upstream:short)%00%(upstream:track)%00%(objectname) refs/heads/gh-pages refs/remotes/gh-pages
> git for-each-ref --sort -committerdate --format %(refname) %(objectname) %(*objectname)
> git remote --verbose
> git config --get commit.template
