[Info] /home/jake/.ssh/config: ENOENT: no such file or directory, open '/home/jake/.ssh/config'
[Info] Looking for git repository
[Info] Git repository found, initializing review manager and pr tree view.
[Info] Review> Validate state in progress
[Info] Review> Validating state...
[Info] No remote with name 'upstream' found.
[Info] Found GitHub remote
[Info] The remote 'sourcehut' is not a GitHub repository.
[Info] The remote 'sourcehut' is not a GitHub repository.
[Info] Review> no matching pull request metadata found for current branch master
[Info] Review> no matching pull request metadata found on GitHub for current branch master
[Info] The remote 'sourcehut' is not a GitHub repository.
[Info] Review> Queuing additional validate state
[Info] Review> Validating state...
[Info] No remote with name 'upstream' found.
[Info] The remote 'sourcehut' is not a GitHub repository.
[Info] Found GitHub remote
[Info] The remote 'sourcehut' is not a GitHub repository.
[Info] The remote 'sourcehut' is not a GitHub repository.
[Info] Review> no matching pull request metadata found for current branch master
[Info] Review> no matching pull request metadata found on GitHub for current branch master
[Info] Review> Queuing additional validate state
[Info] Review> Validating state...
[Info] No remote with name 'upstream' found.
[Info] Found GitHub remote
[Info] The remote 'sourcehut' is not a GitHub repository.
[Info] Review> no matching pull request metadata found for current branch master
[Info] Review> no matching pull request metadata found on GitHub for current branch master
