Compiling Sass/Scss Files: 
/home/jake/Documents/Web Development/portfolio/font-awesome/scss/font-awesome.scss
/home/jake/Documents/Web Development/portfolio/style.scss
--------------------
Generated :
/home/jake/Documents/Web Development/portfolio/font-awesome/scss/font-awesome.css
/home/jake/Documents/Web Development/portfolio/font-awesome/scss/font-awesome.css.map
--------------------
Generated :
/home/jake/Documents/Web Development/portfolio/style.css
/home/jake/Documents/Web Development/portfolio/style.css.map
--------------------
Watching...
--------------------
Change Detected...
style.scss
--------------------
Generated :
/home/jake/Documents/Web Development/portfolio/style.css
/home/jake/Documents/Web Development/portfolio/style.css.map
--------------------
Watching...
--------------------
Change Detected...
style.scss
--------------------
Generated :
/home/jake/Documents/Web Development/portfolio/style.css
/home/jake/Documents/Web Development/portfolio/style.css.map
--------------------
Watching...
--------------------
Change Detected...
style.scss
--------------------
Generated :
/home/jake/Documents/Web Development/portfolio/style.css
/home/jake/Documents/Web Development/portfolio/style.css.map
--------------------
Watching...
--------------------
Change Detected...
style.scss
--------------------
Generated :
/home/jake/Documents/Web Development/portfolio/style.css
/home/jake/Documents/Web Development/portfolio/style.css.map
--------------------
Watching...
--------------------
Change Detected...
style.scss
--------------------
Generated :
/home/jake/Documents/Web Development/portfolio/style.css
/home/jake/Documents/Web Development/portfolio/style.css.map
--------------------
Watching...
--------------------
Change Detected...
style.scss
--------------------
Generated :
/home/jake/Documents/Web Development/portfolio/style.css
/home/jake/Documents/Web Development/portfolio/style.css.map
--------------------
Watching...
--------------------
Change Detected...
style.scss
--------------------
Generated :
/home/jake/Documents/Web Development/portfolio/style.css
/home/jake/Documents/Web Development/portfolio/style.css.map
--------------------
Watching...
--------------------
Change Detected...
style.scss
--------------------
Generated :
/home/jake/Documents/Web Development/portfolio/style.css
/home/jake/Documents/Web Development/portfolio/style.css.map
--------------------
Watching...
--------------------
Change Detected...
style.scss
--------------------
Generated :
/home/jake/Documents/Web Development/portfolio/style.css
/home/jake/Documents/Web Development/portfolio/style.css.map
--------------------
Watching...
--------------------
Change Detected...
style.scss
--------------------
Generated :
/home/jake/Documents/Web Development/portfolio/style.css
/home/jake/Documents/Web Development/portfolio/style.css.map
--------------------
Watching...
--------------------
Change Detected...
style.scss
--------------------
Generated :
/home/jake/Documents/Web Development/portfolio/style.css
/home/jake/Documents/Web Development/portfolio/style.css.map
--------------------
Watching...
--------------------
Change Detected...
style.scss
--------------------
Generated :
/home/jake/Documents/Web Development/portfolio/style.css
/home/jake/Documents/Web Development/portfolio/style.css.map
--------------------
Watching...
--------------------
Change Detected...
style.scss
--------------------
Generated :
/home/jake/Documents/Web Development/portfolio/style.css
/home/jake/Documents/Web Development/portfolio/style.css.map
--------------------
Watching...
--------------------
Change Detected...
style.scss
--------------------
Generated :
/home/jake/Documents/Web Development/portfolio/style.css
/home/jake/Documents/Web Development/portfolio/style.css.map
--------------------
Watching...
--------------------
Change Detected...
style.scss
--------------------
Generated :
/home/jake/Documents/Web Development/portfolio/style.css
/home/jake/Documents/Web Development/portfolio/style.css.map
--------------------
Watching...
--------------------
Change Detected...
style.scss
--------------------
Generated :
/home/jake/Documents/Web Development/portfolio/style.css
/home/jake/Documents/Web Development/portfolio/style.css.map
--------------------
Watching...
--------------------
Not Watching...
--------------------
