[2021-01-17 22:36:23.841] [sharedprocess] [info] main {"machineId":"cf81308a38151bad12db1147dc3bbc0aa54fa88d8182b7521a0cf04e2fcbf059","windowId":2}
[2021-01-17 22:36:24.204] [sharedprocess] [info] Deleted from disk vscode-icons-team.vscode-icons /home/jake/.vscode/extensions/vscode-icons-team.vscode-icons-11.0.0
[2021-01-17 22:36:25.776] [sharedprocess] [info] Installing extension: eamodio.gitlens
[2021-01-17 22:36:25.777] [sharedprocess] [info] Installing extension: formulahendry.auto-close-tag
[2021-01-17 22:36:25.777] [sharedprocess] [info] Installing extension: pkief.material-icon-theme
[2021-01-17 22:36:26.448] [sharedprocess] [info] Downloaded extension: formulahendry.auto-close-tag undefined
[2021-01-17 22:36:26.463] [sharedprocess] [info] Downloaded extension: pkief.material-icon-theme undefined
[2021-01-17 22:36:26.503] [sharedprocess] [info] Extracted extension to /home/jake/.vscode/extensions/.formulahendry.auto-close-tag-0.5.10: formulahendry.auto-close-tag
[2021-01-17 22:36:26.503] [sharedprocess] [info] Renamed to /home/jake/.vscode/extensions/formulahendry.auto-close-tag-0.5.10
[2021-01-17 22:36:26.504] [sharedprocess] [info] Installation completed. formulahendry.auto-close-tag
[2021-01-17 22:36:26.511] [sharedprocess] [info] Downloaded extension: eamodio.gitlens undefined
[2021-01-17 22:36:26.512] [sharedprocess] [info] Extensions installed successfully: formulahendry.auto-close-tag
[2021-01-17 22:36:27.070] [sharedprocess] [info] Extracted extension to /home/jake/.vscode/extensions/.eamodio.gitlens-11.1.3: eamodio.gitlens
[2021-01-17 22:36:27.070] [sharedprocess] [info] Renamed to /home/jake/.vscode/extensions/eamodio.gitlens-11.1.3
[2021-01-17 22:36:27.080] [sharedprocess] [info] Installation completed. eamodio.gitlens
[2021-01-17 22:36:27.103] [sharedprocess] [info] Extensions installed successfully: eamodio.gitlens
[2021-01-17 22:36:27.451] [sharedprocess] [info] Extracted extension to /home/jake/.vscode/extensions/.pkief.material-icon-theme-4.5.0: pkief.material-icon-theme
[2021-01-17 22:36:27.451] [sharedprocess] [info] Renamed to /home/jake/.vscode/extensions/pkief.material-icon-theme-4.5.0
[2021-01-17 22:36:27.452] [sharedprocess] [info] Installation completed. pkief.material-icon-theme
[2021-01-17 22:36:27.463] [sharedprocess] [info] Extensions installed successfully: pkief.material-icon-theme
[2021-01-17 22:37:03.870] [sharedprocess] [info] Starting to clean up unused language packs.
[2021-01-17 22:37:48.719] [sharedprocess] [info] Installing extension: trixnz.vscode-lua
[2021-01-17 22:37:49.045] [sharedprocess] [info] Downloaded extension: trixnz.vscode-lua undefined
[2021-01-17 22:37:49.477] [sharedprocess] [info] Extracted extension to /home/jake/.vscode/extensions/.trixnz.vscode-lua-0.12.4: trixnz.vscode-lua
[2021-01-17 22:37:49.478] [sharedprocess] [info] Renamed to /home/jake/.vscode/extensions/trixnz.vscode-lua-0.12.4
[2021-01-17 22:37:49.482] [sharedprocess] [info] Installation completed. trixnz.vscode-lua
[2021-01-17 22:37:49.493] [sharedprocess] [info] Extensions installed successfully: trixnz.vscode-lua
