[2020-12-31 13:15:42.610] [exthost] [info] extension host started
[2020-12-31 13:15:42.770] [exthost] [info] ExtensionService#_doActivateExtension vscode.microsoft-authentication {"startup":false,"extensionId":{"value":"vscode.microsoft-authentication","_lower":"vscode.microsoft-authentication"},"activationEvent":"onAuthenticationRequest:microsoft"}
[2020-12-31 13:15:42.771] [exthost] [info] ExtensionService#loadCommonJSModule file:///usr/share/code/resources/app/extensions/microsoft-authentication/dist/extension.js
[2020-12-31 13:15:42.788] [exthost] [info] ExtensionService#_doActivateExtension aaron-bond.better-comments {"startup":false,"extensionId":{"value":"aaron-bond.better-comments","_lower":"aaron-bond.better-comments"},"activationEvent":"onLanguage:plaintext"}
[2020-12-31 13:15:42.788] [exthost] [info] ExtensionService#loadCommonJSModule file:///home/jake/.vscode/extensions/aaron-bond.better-comments-2.1.0/out/extension
[2020-12-31 13:15:42.792] [exthost] [info] ExtensionService#_doActivateExtension znck.grammarly {"startup":false,"extensionId":{"value":"znck.grammarly","_lower":"znck.grammarly"},"activationEvent":"onLanguage:plaintext"}
[2020-12-31 13:15:42.792] [exthost] [info] ExtensionService#loadCommonJSModule file:///home/jake/.vscode/extensions/znck.grammarly-0.12.5/out/extension.js
[2020-12-31 13:15:42.819] [exthost] [info] ExtensionService#_doActivateExtension vscode.emmet {"startup":false,"extensionId":{"value":"vscode.emmet","_lower":"vscode.emmet"},"activationEvent":"onLanguage:html"}
[2020-12-31 13:15:42.819] [exthost] [info] ExtensionService#loadCommonJSModule file:///usr/share/code/resources/app/extensions/emmet/dist/node/emmetNodeMain
[2020-12-31 13:15:42.844] [exthost] [info] ExtensionService#_doActivateExtension vscode.html-language-features {"startup":false,"extensionId":{"value":"vscode.html-language-features","_lower":"vscode.html-language-features"},"activationEvent":"onLanguage:html"}
[2020-12-31 13:15:42.844] [exthost] [info] ExtensionService#loadCommonJSModule file:///usr/share/code/resources/app/extensions/html-language-features/client/dist/node/htmlClientMain
[2020-12-31 13:15:42.883] [exthost] [info] ExtensionService#_doActivateExtension vscode.css-language-features {"startup":false,"extensionId":{"value":"vscode.css-language-features","_lower":"vscode.css-language-features"},"activationEvent":"onLanguage:scss"}
[2020-12-31 13:15:42.883] [exthost] [info] ExtensionService#loadCommonJSModule file:///usr/share/code/resources/app/extensions/css-language-features/client/dist/node/cssClientMain
[2020-12-31 13:15:42.905] [exthost] [info] ExtensionService#_doActivateExtension ritwickdey.LiveServer {"startup":false,"extensionId":{"value":"ritwickdey.live-sass","_lower":"ritwickdey.live-sass"},"activationEvent":"onLanguage:scss"}
[2020-12-31 13:15:42.905] [exthost] [info] ExtensionService#loadCommonJSModule file:///home/jake/.vscode/extensions/ritwickdey.liveserver-5.6.1/out/src/extension
[2020-12-31 13:15:43.824] [exthost] [info] ExtensionService#_doActivateExtension sibiraj-s.vscode-scss-formatter {"startup":false,"extensionId":{"value":"sibiraj-s.vscode-scss-formatter","_lower":"sibiraj-s.vscode-scss-formatter"},"activationEvent":"onLanguage:scss"}
[2020-12-31 13:15:43.824] [exthost] [info] ExtensionService#loadCommonJSModule file:///home/jake/.vscode/extensions/sibiraj-s.vscode-scss-formatter-2.0.5/out/extension
[2020-12-31 13:15:43.926] [exthost] [info] ExtensionService#_doActivateExtension vscode.debug-auto-launch {"startup":true,"extensionId":{"value":"vscode.debug-auto-launch","_lower":"vscode.debug-auto-launch"},"activationEvent":"*"}
[2020-12-31 13:15:43.926] [exthost] [info] ExtensionService#loadCommonJSModule file:///usr/share/code/resources/app/extensions/debug-auto-launch/dist/extension
[2020-12-31 13:15:43.930] [exthost] [info] ExtensionService#_doActivateExtension vscode.git {"startup":true,"extensionId":{"value":"vscode.github","_lower":"vscode.github"},"activationEvent":"*"}
[2020-12-31 13:15:43.930] [exthost] [info] ExtensionService#loadCommonJSModule file:///usr/share/code/resources/app/extensions/git/dist/main
[2020-12-31 13:15:43.956] [exthost] [info] ExtensionService#_doActivateExtension vscode.merge-conflict {"startup":true,"extensionId":{"value":"vscode.merge-conflict","_lower":"vscode.merge-conflict"},"activationEvent":"*"}
[2020-12-31 13:15:43.956] [exthost] [info] ExtensionService#loadCommonJSModule file:///usr/share/code/resources/app/extensions/merge-conflict/dist/mergeConflictMain
[2020-12-31 13:15:43.959] [exthost] [info] ExtensionService#_doActivateExtension vscode.search-result {"startup":true,"extensionId":{"value":"vscode.search-result","_lower":"vscode.search-result"},"activationEvent":"*"}
[2020-12-31 13:15:43.960] [exthost] [info] ExtensionService#loadCommonJSModule file:///usr/share/code/resources/app/extensions/search-result/dist/extension.js
[2020-12-31 13:15:43.961] [exthost] [info] ExtensionService#_doActivateExtension christian-kohler.path-intellisense {"startup":true,"extensionId":{"value":"christian-kohler.path-intellisense","_lower":"christian-kohler.path-intellisense"},"activationEvent":"*"}
[2020-12-31 13:15:43.961] [exthost] [info] ExtensionService#loadCommonJSModule file:///home/jake/.vscode/extensions/christian-kohler.path-intellisense-2.3.0/out/extension.js
[2020-12-31 13:15:43.987] [exthost] [info] ExtensionService#_doActivateExtension Equinusocio.vsc-material-theme {"startup":true,"extensionId":{"value":"Equinusocio.vsc-material-theme","_lower":"equinusocio.vsc-material-theme"},"activationEvent":"*"}
[2020-12-31 13:15:43.988] [exthost] [info] ExtensionService#loadCommonJSModule file:///home/jake/.vscode/extensions/equinusocio.vsc-material-theme-33.1.2/build/material.theme.config
[2020-12-31 13:15:44.007] [exthost] [info] ExtensionService#_doActivateExtension equinusocio.vsc-material-theme-icons {"startup":true,"extensionId":{"value":"equinusocio.vsc-material-theme-icons","_lower":"equinusocio.vsc-material-theme-icons"},"activationEvent":"*"}
[2020-12-31 13:15:44.007] [exthost] [info] ExtensionService#loadCommonJSModule file:///home/jake/.vscode/extensions/equinusocio.vsc-material-theme-icons-1.2.2/out/src/extension
[2020-12-31 13:15:44.022] [exthost] [info] ExtensionService#_doActivateExtension formulahendry.auto-close-tag {"startup":true,"extensionId":{"value":"formulahendry.auto-close-tag","_lower":"formulahendry.auto-close-tag"},"activationEvent":"*"}
[2020-12-31 13:15:44.022] [exthost] [info] ExtensionService#loadCommonJSModule file:///home/jake/.vscode/extensions/formulahendry.auto-close-tag-0.5.9/out/src/extension
[2020-12-31 13:15:44.024] [exthost] [info] ExtensionService#_doActivateExtension icrawl.discord-vscode {"startup":true,"extensionId":{"value":"icrawl.discord-vscode","_lower":"icrawl.discord-vscode"},"activationEvent":"*"}
[2020-12-31 13:15:44.024] [exthost] [info] ExtensionService#loadCommonJSModule file:///home/jake/.vscode/extensions/icrawl.discord-vscode-4.1.0/dist/extension
[2020-12-31 13:15:44.036] [exthost] [info] ExtensionService#_doActivateExtension PKief.material-icon-theme {"startup":true,"extensionId":{"value":"PKief.material-icon-theme","_lower":"pkief.material-icon-theme"},"activationEvent":"*"}
[2020-12-31 13:15:44.037] [exthost] [info] ExtensionService#loadCommonJSModule file:///home/jake/.vscode/extensions/pkief.material-icon-theme-4.4.0/dist/extension
[2020-12-31 13:15:44.042] [exthost] [info] ExtensionService#_doActivateExtension pranaygp.vscode-css-peek {"startup":true,"extensionId":{"value":"pranaygp.vscode-css-peek","_lower":"pranaygp.vscode-css-peek"},"activationEvent":"*"}
[2020-12-31 13:15:44.043] [exthost] [info] ExtensionService#loadCommonJSModule file:///home/jake/.vscode/extensions/pranaygp.vscode-css-peek-4.0.2/client/out/extension
[2020-12-31 13:15:44.103] [exthost] [info] ExtensionService#_doActivateExtension vscode-icons-team.vscode-icons {"startup":true,"extensionId":{"value":"vscode-icons-team.vscode-icons","_lower":"vscode-icons-team.vscode-icons"},"activationEvent":"*"}
[2020-12-31 13:15:44.103] [exthost] [info] ExtensionService#loadCommonJSModule file:///home/jake/.vscode/extensions/vscode-icons-team.vscode-icons-11.0.0/dist/src/vscode-icons.bundle.js
[2020-12-31 13:15:44.129] [exthost] [info] ExtensionService#_doActivateExtension Zignd.html-css-class-completion {"startup":true,"extensionId":{"value":"Zignd.html-css-class-completion","_lower":"zignd.html-css-class-completion"},"activationEvent":"*"}
[2020-12-31 13:15:44.129] [exthost] [info] ExtensionService#loadCommonJSModule file:///home/jake/.vscode/extensions/zignd.html-css-class-completion-1.20.0/dist/extension.js
[2020-12-31 13:15:44.531] [exthost] [info] ExtensionService#_doActivateExtension ritwickdey.live-sass {"startup":true,"extensionId":{"value":"ritwickdey.live-sass","_lower":"ritwickdey.live-sass"},"activationEvent":"workspaceContains:**/*.s[ac]ss"}
[2020-12-31 13:15:44.537] [exthost] [info] ExtensionService#loadCommonJSModule file:///home/jake/.vscode/extensions/ritwickdey.live-sass-3.0.0/out/src/extension
[2020-12-31 13:15:45.879] [exthost] [warning] DiagnosticCollection with name 'css-peek' does already exist.
[2020-12-31 13:15:48.203] [exthost] [info] ExtensionService#_doActivateExtension ms-vscode.js-debug {"startup":false,"extensionId":{"value":"ms-vscode.js-debug","_lower":"ms-vscode.js-debug"},"activationEvent":"onCommand:extension.js-debug.clearAutoAttachVariables"}
[2020-12-31 13:15:48.203] [exthost] [info] ExtensionService#loadCommonJSModule file:///usr/share/code/resources/app/extensions/ms-vscode.js-debug/src/extension.js
[2020-12-31 13:15:48.472] [exthost] [info] ExtensionService#_doActivateExtension vscode.github {"startup":false,"extensionId":{"value":"vscode.github","_lower":"vscode.github"},"activationEvent":"*"}
[2020-12-31 13:15:48.474] [exthost] [info] ExtensionService#loadCommonJSModule file:///usr/share/code/resources/app/extensions/github/dist/extension.js
[2020-12-31 13:15:49.129] [exthost] [info] ExtensionService#_doActivateExtension vscode.github-authentication {"startup":false,"extensionId":{"value":"vscode.github-authentication","_lower":"vscode.github-authentication"},"activationEvent":"onAuthenticationRequest:github"}
[2020-12-31 13:15:49.129] [exthost] [info] ExtensionService#loadCommonJSModule file:///usr/share/code/resources/app/extensions/github-authentication/dist/extension.js
[2020-12-31 13:15:50.732] [exthost] [info] eager extensions activated
[2020-12-31 13:15:50.736] [exthost] [info] ExtensionService#_doActivateExtension dbaeumer.vscode-eslint {"startup":false,"extensionId":{"value":"dbaeumer.vscode-eslint","_lower":"dbaeumer.vscode-eslint"},"activationEvent":"onStartupFinished"}
[2020-12-31 13:15:50.737] [exthost] [info] ExtensionService#loadCommonJSModule file:///home/jake/.vscode/extensions/dbaeumer.vscode-eslint-2.1.14/client/out/extension
[2020-12-31 13:15:50.756] [exthost] [info] ExtensionService#_doActivateExtension eamodio.gitlens {"startup":false,"extensionId":{"value":"eamodio.gitlens","_lower":"eamodio.gitlens"},"activationEvent":"onStartupFinished"}
[2020-12-31 13:15:50.756] [exthost] [info] ExtensionService#loadCommonJSModule file:///home/jake/.vscode/extensions/eamodio.gitlens-11.1.0/dist/gitlens
[2020-12-31 13:15:50.807] [exthost] [info] ExtensionService#_doActivateExtension esbenp.prettier-vscode {"startup":false,"extensionId":{"value":"esbenp.prettier-vscode","_lower":"esbenp.prettier-vscode"},"activationEvent":"onStartupFinished"}
[2020-12-31 13:15:50.807] [exthost] [info] ExtensionService#loadCommonJSModule file:///home/jake/.vscode/extensions/esbenp.prettier-vscode-5.8.0/dist/extension
[2020-12-31 13:15:50.904] [exthost] [info] ExtensionService#_doActivateExtension GitHub.vscode-pull-request-github {"startup":false,"extensionId":{"value":"GitHub.vscode-pull-request-github","_lower":"github.vscode-pull-request-github"},"activationEvent":"onStartupFinished"}
[2020-12-31 13:15:50.904] [exthost] [info] ExtensionService#loadCommonJSModule file:///home/jake/.vscode/extensions/github.vscode-pull-request-github-0.22.0/media/extension
