[Server(608463) Discord/] onInitialize
[Server(608463) Discord/] setupInitialStylemap
[Server(608463) Discord/] Document opened: color.js
[Server(608463) Discord/] Document changed: color.js
[Server(608463) Discord/] Document opened: index.js
[Server(608463) Discord/] Document changed: index.js
[Server(608463) Discord/] Document opened: sql_init.js
[Server(608463) Discord/] Document changed: sql_init.js
[Server(608463) Discord/] Document opened: spotify.js
[Server(608463) Discord/] Document changed: spotify.js
[Server(608463) Discord/] Document changed: spotify.js
[Server(608463) Discord/] Document changed: spotify.js
[Server(608463) Discord/] Document opened: addsug.js
[Server(608463) Discord/] Document changed: addsug.js
[Server(608463) Discord/] Document opened: uptime.js
[Server(608463) Discord/] Document changed: uptime.js
[Server(608463) Discord/] Document opened: reload.js
[Server(608463) Discord/] Document changed: reload.js
[Server(608463) Discord/] Document opened: addsug.js
[Server(608463) Discord/] Document changed: addsug.js
[Server(608463) Discord/] Document changed: spotify.js
[Server(608463) Discord/] Document changed: spotify.js
[Server(608463) Discord/] Document changed: spotify.js
[Server(608463) Discord/] Document changed: spotify.js
[Server(608463) Discord/] Document changed: spotify.js
[Server(608463) Discord/] Document changed: spotify.js
[Server(608463) Discord/] Document changed: spotify.js
[Server(608463) Discord/] Document changed: spotify.js
[Server(608463) Discord/] Document changed: spotify.js
[Server(608463) Discord/] Document changed: spotify.js
[Server(608463) Discord/] Document changed: spotify.js
[Server(608463) Discord/] Document changed: spotify.js
[Server(608463) Discord/] Document changed: spotify.js
[Server(608463) Discord/] Document changed: spotify.js
[Server(608463) Discord/] Document changed: spotify.js
[Server(608463) Discord/] Document changed: spotify.js
[Server(608463) Discord/] Document changed: spotify.js
[Server(608463) Discord/] Document changed: spotify.js
[Server(608463) Discord/] Document changed: spotify.js
[Server(608463) Discord/] Document changed: spotify.js
[Server(608463) Discord/] Document changed: spotify.js
[Server(608463) Discord/] Document changed: spotify.js
[Server(608463) Discord/] Document changed: spotify.js
[Server(608463) Discord/] Document changed: spotify.js
[Server(608463) Discord/] Document changed: spotify.js
[Server(608463) Discord/] Document changed: spotify.js
[Server(608463) Discord/] Document changed: spotify.js
[Server(608463) Discord/] Document changed: spotify.js
[Server(608463) Discord/] Document changed: spotify.js
[Server(608463) Discord/] Document changed: spotify.js
[Server(608463) Discord/] Document changed: spotify.js
[Server(608463) Discord/] Document changed: spotify.js
[Server(608463) Discord/] Document changed: spotify.js
[Server(608463) Discord/] Document changed: spotify.js
[Server(608463) Discord/] Document changed: spotify.js
[Server(608463) Discord/] Document changed: spotify.js
[Server(608463) Discord/] Document changed: spotify.js
[Server(608463) Discord/] Document changed: spotify.js
[Server(608463) Discord/] Document changed: spotify.js
[Server(608463) Discord/] Document changed: spotify.js
[Server(608463) Discord/] Document changed: spotify.js
[Server(608463) Discord/] Document changed: spotify.js
[Server(608463) Discord/] Document changed: spotify.js
[Server(608463) Discord/] Document changed: spotify.js
[Server(608463) Discord/] Document changed: spotify.js
[Server(608463) Discord/] Document changed: spotify.js
[Server(608463) Discord/] Document opened: reload.js
[Server(608463) Discord/] Document changed: reload.js
[Server(608463) Discord/] Document changed: spotify.js
[Server(608463) Discord/] Document changed: spotify.js
[Server(608463) Discord/] Document changed: spotify.js
[Server(608463) Discord/] Document changed: spotify.js
[Server(608463) Discord/] Document changed: spotify.js
[Server(608463) Discord/] Document changed: spotify.js
[Server(608463) Discord/] Document changed: spotify.js
[Server(608463) Discord/] Document changed: spotify.js
[Server(608463) Discord/] Document changed: spotify.js
[Server(608463) Discord/] Document changed: spotify.js
[Server(608463) Discord/] Document changed: spotify.js
[Server(608463) Discord/] Document changed: spotify.js
[Server(608463) Discord/] Document changed: spotify.js
[Server(608463) Discord/] Document changed: spotify.js
[Server(608463) Discord/] Document changed: spotify.js
[Server(608463) Discord/] Document changed: spotify.js
[Server(608463) Discord/] Document changed: spotify.js
[Server(608463) Discord/] Document changed: spotify.js
[Server(608463) Discord/] Document changed: spotify.js
[Server(608463) Discord/] Document changed: spotify.js
[Server(608463) Discord/] Document changed: spotify.js
[Server(608463) Discord/] Document changed: spotify.js
[Server(608463) Discord/] Document changed: spotify.js
[Server(608463) Discord/] Document changed: spotify.js
[Server(608463) Discord/] Document changed: spotify.js
[Server(608463) Discord/] Document changed: spotify.js
[Server(608463) Discord/] Document changed: spotify.js
[Server(608463) Discord/] Document changed: spotify.js
[Server(608463) Discord/] Document changed: spotify.js
[Server(608463) Discord/] Document changed: spotify.js
[Server(608463) Discord/] Document changed: spotify.js
[Server(608463) Discord/] Document changed: spotify.js
[Server(608463) Discord/] Document changed: spotify.js
[Server(608463) Discord/] Document changed: spotify.js
[Server(608463) Discord/] Document changed: spotify.js
[Server(608463) Discord/] Document changed: spotify.js
[Server(608463) Discord/] Document changed: spotify.js
[Server(608463) Discord/] Document changed: spotify.js
[Server(608463) Discord/] Document changed: spotify.js
[Server(608463) Discord/] Document changed: spotify.js
[Server(608463) Discord/] Document changed: spotify.js
[Server(608463) Discord/] Document changed: spotify.js
[Server(608463) Discord/] Document opened: uptime.js
[Server(608463) Discord/] Document changed: uptime.js
[Server(608463) Discord/] Document opened: reload.js
[Server(608463) Discord/] Document changed: reload.js
[Server(608463) Discord/] Document changed: spotify.js
[Server(608463) Discord/] Document changed: spotify.js
[Server(608463) Discord/] Document opened: args-info.js
[Server(608463) Discord/] Document changed: args-info.js
[Server(608463) Discord/] Document opened: addsug.js
[Server(608463) Discord/] Document changed: addsug.js
[Server(608463) Discord/] Document changed: spotify.js
[Server(608463) Discord/] Document changed: spotify.js
[Server(608463) Discord/] Document changed: spotify.js
[Server(608463) Discord/] Document changed: spotify.js
[Server(608463) Discord/] Document changed: spotify.js
[Server(608463) Discord/] Document changed: spotify.js
[Server(608463) Discord/] Document changed: spotify.js
[Server(608463) Discord/] Document changed: spotify.js
[Server(608463) Discord/] Document changed: spotify.js
[Server(608463) Discord/] Document changed: spotify.js
[Server(608463) Discord/] Document changed: spotify.js
[Server(608463) Discord/] Document changed: spotify.js
[Server(608463) Discord/] Document changed: spotify.js
[Server(608463) Discord/] Document changed: spotify.js
[Server(608463) Discord/] Document changed: spotify.js
[Server(608463) Discord/] Document changed: spotify.js
[Server(608463) Discord/] Document changed: spotify.js
[Server(608463) Discord/] Document changed: spotify.js
[Server(608463) Discord/] Document changed: spotify.js
[Server(608463) Discord/] Document changed: spotify.js
[Server(608463) Discord/] Document changed: spotify.js
[Server(608463) Discord/] Document changed: spotify.js
[Server(608463) Discord/] Document changed: spotify.js
[Server(608463) Discord/] Document changed: spotify.js
[Server(608463) Discord/] Document changed: spotify.js
[Server(608463) Discord/] Document changed: spotify.js
[Server(608463) Discord/] Document changed: spotify.js
[Server(608463) Discord/] Document changed: spotify.js
[Server(608463) Discord/] Document changed: spotify.js
[Server(608463) Discord/] Document changed: spotify.js
[Server(608463) Discord/] Document changed: spotify.js
[Server(608463) Discord/] Document changed: spotify.js
[Server(608463) Discord/] Document changed: spotify.js
[Server(608463) Discord/] Document changed: spotify.js
[Server(608463) Discord/] Document changed: spotify.js
[Server(608463) Discord/] Document changed: spotify.js
[Server(608463) Discord/] Document changed: spotify.js
[Server(608463) Discord/] Document changed: spotify.js
[Server(608463) Discord/] Document changed: spotify.js
[Server(608463) Discord/] Document changed: spotify.js
[Server(608463) Discord/] Document changed: spotify.js
[Server(608463) Discord/] Document changed: spotify.js
[Server(608463) Discord/] Document changed: spotify.js
[Server(608463) Discord/] Document changed: spotify.js
[Server(608463) Discord/] Document changed: spotify.js
[Server(608463) Discord/] Document changed: spotify.js
[Server(608463) Discord/] Document changed: spotify.js
[Server(608463) Discord/] Document changed: spotify.js
[Server(608463) Discord/] Document changed: spotify.js
[Server(608463) Discord/] Document changed: spotify.js
[Server(608463) Discord/] Document changed: spotify.js
[Server(608463) Discord/] Document changed: spotify.js
[Server(608463) Discord/] Document changed: spotify.js
[Server(608463) Discord/] Document changed: spotify.js
[Server(608463) Discord/] Document changed: spotify.js
[Server(608463) Discord/] Document changed: spotify.js
[Server(608463) Discord/] Document changed: spotify.js
[Server(608463) Discord/] Document changed: spotify.js
[Server(608463) Discord/] Document changed: spotify.js
[Server(608463) Discord/] Document changed: spotify.js
[Server(608463) Discord/] Document changed: spotify.js
[Server(608463) Discord/] Document changed: spotify.js
[Server(608463) Discord/] Document changed: spotify.js
[Server(608463) Discord/] Document changed: spotify.js
[Server(608463) Discord/] Document changed: spotify.js
[Server(608463) Discord/] Document changed: spotify.js
[Server(608463) Discord/] Document changed: spotify.js
[Server(608463) Discord/] Document changed: spotify.js
[Server(608463) Discord/] Document changed: spotify.js
[Server(608463) Discord/] Document changed: spotify.js
[Server(608463) Discord/] Document changed: spotify.js
[Server(608463) Discord/] Document changed: spotify.js
[Server(608463) Discord/] Document changed: spotify.js
[Server(608463) Discord/] Document changed: spotify.js
[Server(608463) Discord/] Document changed: spotify.js
[Server(608463) Discord/] Document changed: spotify.js
[Server(608463) Discord/] Document changed: spotify.js
[Server(608463) Discord/] Document changed: spotify.js
[Server(608463) Discord/] Document changed: spotify.js
[Server(608463) Discord/] Document changed: spotify.js
[Server(608463) Discord/] Document changed: spotify.js
[Server(608463) Discord/] Document changed: spotify.js
[Server(608463) Discord/] Document changed: spotify.js
[Server(608463) Discord/] Document changed: spotify.js
[Server(608463) Discord/] Document changed: spotify.js
[Server(608463) Discord/] Document changed: spotify.js
[Server(608463) Discord/] Document changed: spotify.js
entry.split( 596
  Artist 128 134
  Query 157 162
Invalid Selector
[Server(608463) Discord/] Document changed: spotify.js
[Server(608463) Discord/] Document changed: spotify.js
[Server(608463) Discord/] Document changed: spotify.js
[Server(608463) Discord/] Document changed: spotify.js
[Server(608463) Discord/] Document changed: spotify.js
[Server(608463) Discord/] Document changed: spotify.js
[Server(608463) Discord/] Document changed: spotify.js
[Server(608463) Discord/] Document changed: spotify.js
[Server(608463) Discord/] Document changed: spotify.js
[Server(608463) Discord/] Document changed: spotify.js
[Server(608463) Discord/] Document changed: spotify.js
[Server(608463) Discord/] Document changed: spotify.js
[Server(608463) Discord/] Document changed: spotify.js
[Server(608463) Discord/] Document changed: spotify.js
[Server(608463) Discord/] Document changed: spotify.js
[Server(608463) Discord/] Document changed: spotify.js
[Server(608463) Discord/] Document changed: spotify.js
[Server(608463) Discord/] Document changed: spotify.js
[Server(608463) Discord/] Document changed: spotify.js
[Server(608463) Discord/] Document changed: spotify.js
[Server(608463) Discord/] Document changed: spotify.js
[Server(608463) Discord/] Document changed: spotify.js
[Server(608463) Discord/] Document changed: spotify.js
[Server(608463) Discord/] Document changed: spotify.js
[Server(608463) Discord/] Document changed: spotify.js
[Server(608463) Discord/] Document changed: spotify.js
[Server(608463) Discord/] Document changed: spotify.js
[Server(608463) Discord/] Document changed: spotify.js
[Server(608463) Discord/] Document changed: spotify.js
[Server(608463) Discord/] Document changed: spotify.js
[Server(608463) Discord/] Document changed: spotify.js
[Server(608463) Discord/] Document changed: spotify.js
[Server(608463) Discord/] Document changed: spotify.js
[Server(608463) Discord/] Document changed: spotify.js
[Server(608463) Discord/] Document changed: spotify.js
[Server(608463) Discord/] Document changed: spotify.js
[Server(608463) Discord/] Document changed: spotify.js
[Server(608463) Discord/] Document changed: spotify.js
[Server(608463) Discord/] Document changed: spotify.js
[Server(608463) Discord/] Document changed: spotify.js
[Server(608463) Discord/] Document changed: spotify.js
[Server(608463) Discord/] Document changed: spotify.js
[Server(608463) Discord/] Document changed: spotify.js
[Server(608463) Discord/] Document changed: spotify.js
[Server(608463) Discord/] Document changed: spotify.js
[Server(608463) Discord/] Document changed: spotify.js
[Server(608463) Discord/] Document changed: spotify.js
[Server(608463) Discord/] Document changed: spotify.js
[Server(608463) Discord/] Document changed: spotify.js
[Server(608463) Discord/] Document changed: spotify.js
[Server(608463) Discord/] Document changed: spotify.js
[Server(608463) Discord/] Document changed: spotify.js
[Server(608463) Discord/] Document changed: spotify.js
[Server(608463) Discord/] Document changed: spotify.js
[Server(608463) Discord/] Document changed: spotify.js
[Server(608463) Discord/] Document changed: spotify.js
[Server(608463) Discord/] Document changed: spotify.js
[Server(608463) Discord/] Document changed: spotify.js
[Server(608463) Discord/] Document changed: spotify.js
[Server(608463) Discord/] Document changed: spotify.js
[Server(608463) Discord/] Document changed: spotify.js
[Server(608463) Discord/] Document changed: spotify.js
[Server(608463) Discord/] Document changed: spotify.js
[Server(608463) Discord/] Document changed: spotify.js
[Server(608463) Discord/] Document changed: spotify.js
[Server(608463) Discord/] Document changed: spotify.js
[Server(608463) Discord/] Document changed: spotify.js
[Server(608463) Discord/] Document changed: spotify.js
[Server(608463) Discord/] Document changed: spotify.js
[Server(608463) Discord/] Document changed: spotify.js
[Server(608463) Discord/] Document changed: spotify.js
[Server(608463) Discord/] Document changed: spotify.js
[Server(608463) Discord/] Document changed: spotify.js
[Server(608463) Discord/] Document changed: spotify.js
[Server(608463) Discord/] Document changed: spotify.js
[Server(608463) Discord/] Document changed: spotify.js
[Server(608463) Discord/] Document changed: spotify.js
[Server(608463) Discord/] Document changed: spotify.js
[Server(608463) Discord/] Document changed: spotify.js
[Server(608463) Discord/] Document changed: spotify.js
[Server(608463) Discord/] Document changed: spotify.js
[Server(608463) Discord/] Document changed: spotify.js
[Server(608463) Discord/] Document changed: spotify.js
[Server(608463) Discord/] Document changed: spotify.js
[Server(608463) Discord/] Document changed: spotify.js
[Server(608463) Discord/] Document changed: spotify.js
[Server(608463) Discord/] Document changed: spotify.js
[Server(608463) Discord/] Document changed: spotify.js
[Server(608463) Discord/] Document changed: spotify.js
[Server(608463) Discord/] Document changed: spotify.js
[Server(608463) Discord/] Document changed: spotify.js
[Server(608463) Discord/] Document changed: spotify.js
[Server(608463) Discord/] Document changed: spotify.js
[Server(608463) Discord/] Document changed: spotify.js
[Server(608463) Discord/] Document changed: spotify.js
[Server(608463) Discord/] Document changed: spotify.js
[Server(608463) Discord/] Document changed: spotify.js
[Server(608463) Discord/] Document changed: spotify.js
[Server(608463) Discord/] Document changed: spotify.js
[Server(608463) Discord/] Document changed: spotify.js
[Server(608463) Discord/] Document changed: spotify.js
[Server(608463) Discord/] Document changed: spotify.js
[Server(608463) Discord/] Document changed: spotify.js
[Server(608463) Discord/] Document changed: spotify.js
[Server(608463) Discord/] Document changed: spotify.js
[Server(608463) Discord/] Document changed: spotify.js
[Server(608463) Discord/] Document changed: spotify.js
[Server(608463) Discord/] Document changed: spotify.js
[Server(608463) Discord/] Document changed: spotify.js
[Server(608463) Discord/] Document changed: spotify.js
[Server(608463) Discord/] Document changed: spotify.js
[Server(608463) Discord/] Document changed: spotify.js
[Server(608463) Discord/] Document changed: spotify.js
[Server(608463) Discord/] Document changed: spotify.js
[Server(608463) Discord/] Document changed: spotify.js
[Server(608463) Discord/] Document changed: spotify.js
[Server(608463) Discord/] Document changed: spotify.js
[Server(608463) Discord/] Document changed: spotify.js
[Server(608463) Discord/] Document changed: spotify.js
[Server(608463) Discord/] Document changed: spotify.js
[Server(608463) Discord/] Document changed: spotify.js
[Server(608463) Discord/] Document changed: spotify.js
[Server(608463) Discord/] Document changed: spotify.js
[Server(608463) Discord/] Document changed: spotify.js
[Server(608463) Discord/] Document changed: spotify.js
[Server(608463) Discord/] Document changed: spotify.js
[Server(608463) Discord/] Document changed: spotify.js
[Server(608463) Discord/] Document changed: spotify.js
[Server(608463) Discord/] Document changed: spotify.js
[Server(608463) Discord/] Document changed: spotify.js
[Server(608463) Discord/] Document changed: spotify.js
[Server(608463) Discord/] Document changed: spotify.js
[Server(608463) Discord/] Document changed: spotify.js
[Server(608463) Discord/] Document changed: spotify.js
[Server(608463) Discord/] Document changed: spotify.js
[Server(608463) Discord/] Document changed: spotify.js
[Server(608463) Discord/] Document changed: spotify.js
[Server(608463) Discord/] Document changed: spotify.js
[Server(608463) Discord/] Document changed: spotify.js
[Server(608463) Discord/] Document changed: spotify.js
[Server(608463) Discord/] Document changed: spotify.js
[Server(608463) Discord/] Document changed: spotify.js
[Server(608463) Discord/] Document changed: spotify.js
[Server(608463) Discord/] Document changed: spotify.js
[Server(608463) Discord/] Document changed: spotify.js
[Server(608463) Discord/] Document changed: spotify.js
[Server(608463) Discord/] Document changed: spotify.js
[Server(608463) Discord/] Document changed: spotify.js
[Server(608463) Discord/] Document changed: spotify.js
[Server(608463) Discord/] Document changed: spotify.js
[Server(608463) Discord/] Document changed: spotify.js
[Server(608463) Discord/] Document changed: spotify.js
[Server(608463) Discord/] Document changed: spotify.js
[Server(608463) Discord/] Document changed: spotify.js
[Server(608463) Discord/] Document changed: spotify.js
[Server(608463) Discord/] Document changed: spotify.js
[Server(608463) Discord/] Document changed: spotify.js
[Server(608463) Discord/] Document changed: spotify.js
[Server(608463) Discord/] Document changed: spotify.js
[Server(608463) Discord/] Document changed: spotify.js
[Server(608463) Discord/] Document changed: spotify.js
[Server(608463) Discord/] Document changed: spotify.js
[Server(608463) Discord/] Document changed: spotify.js
[Server(608463) Discord/] Document changed: spotify.js
[Server(608463) Discord/] Document changed: spotify.js
[Server(608463) Discord/] Document changed: spotify.js
[Server(608463) Discord/] Document changed: spotify.js
[Server(608463) Discord/] Document changed: spotify.js
[Server(608463) Discord/] Document changed: spotify.js
[Server(608463) Discord/] Document changed: spotify.js
[Server(608463) Discord/] Document changed: spotify.js
[Server(608463) Discord/] Document changed: spotify.js
[Server(608463) Discord/] Document changed: spotify.js
[Server(608463) Discord/] Document changed: spotify.js
[Server(608463) Discord/] Document changed: spotify.js
[Server(608463) Discord/] Document changed: spotify.js
[Server(608463) Discord/] Document changed: spotify.js
[Server(608463) Discord/] Document changed: spotify.js
[Server(608463) Discord/] Document changed: spotify.js
[Server(608463) Discord/] Document changed: spotify.js
[Server(608463) Discord/] Document changed: spotify.js
[Server(608463) Discord/] Document changed: spotify.js
[Server(608463) Discord/] Document changed: spotify.js
[Server(608463) Discord/] Document changed: spotify.js
[Server(608463) Discord/] Document changed: spotify.js
[Server(608463) Discord/] Document changed: spotify.js
[Server(608463) Discord/] Document changed: spotify.js
[Server(608463) Discord/] Document changed: spotify.js
[Server(608463) Discord/] Document changed: spotify.js
[Server(608463) Discord/] Document changed: spotify.js
[Server(608463) Discord/] Document changed: spotify.js
[Server(608463) Discord/] Document changed: spotify.js
[Server(608463) Discord/] Document changed: spotify.js
[Server(608463) Discord/] Document changed: spotify.js
[Server(608463) Discord/] Document changed: spotify.js
[Server(608463) Discord/] Document changed: spotify.js
[Server(608463) Discord/] Document changed: spotify.js
[Server(608463) Discord/] Document changed: spotify.js
[Server(608463) Discord/] Document changed: spotify.js
[Server(608463) Discord/] Document changed: spotify.js
[Server(608463) Discord/] Document changed: spotify.js
[Server(608463) Discord/] Document changed: spotify.js
[Server(608463) Discord/] Document changed: spotify.js
[Server(608463) Discord/] Document changed: spotify.js
[Server(608463) Discord/] Document changed: spotify.js
[Server(608463) Discord/] Document changed: spotify.js
[Server(608463) Discord/] Document changed: spotify.js
[Server(608463) Discord/] Document changed: spotify.js
[Server(608463) Discord/] Document changed: spotify.js
[Server(608463) Discord/] Document changed: spotify.js
[Server(608463) Discord/] Document changed: spotify.js
[Server(608463) Discord/] Document changed: spotify.js
[Server(608463) Discord/] Document changed: spotify.js
[Server(608463) Discord/] Document changed: spotify.js
[Server(608463) Discord/] Document changed: spotify.js
[Server(608463) Discord/] Document changed: spotify.js
[Server(608463) Discord/] Document changed: spotify.js
[Server(608463) Discord/] Document changed: spotify.js
[Server(608463) Discord/] Document changed: spotify.js
[Server(608463) Discord/] Document changed: spotify.js
[Server(608463) Discord/] Document changed: spotify.js
[Server(608463) Discord/] Document changed: spotify.js
[Server(608463) Discord/] Document changed: spotify.js
[Server(608463) Discord/] Document changed: spotify.js
[Server(608463) Discord/] Document changed: spotify.js
[Server(608463) Discord/] Document changed: spotify.js
[Server(608463) Discord/] Document changed: spotify.js
[Server(608463) Discord/] Document changed: spotify.js
[Server(608463) Discord/] Document changed: spotify.js
[Server(608463) Discord/] Document changed: spotify.js
[Server(608463) Discord/] Document changed: spotify.js
[Server(608463) Discord/] Document changed: spotify.js
[Server(608463) Discord/] Document changed: spotify.js
[Server(608463) Discord/] Document changed: spotify.js
[Server(608463) Discord/] Document changed: spotify.js
[Server(608463) Discord/] Document changed: spotify.js
[Server(608463) Discord/] Document changed: spotify.js
[Server(608463) Discord/] Document changed: spotify.js
[Server(608463) Discord/] Document changed: spotify.js
[Server(608463) Discord/] Document changed: spotify.js
[Server(608463) Discord/] Document changed: spotify.js
[Server(608463) Discord/] Document changed: spotify.js
[Server(608463) Discord/] Document changed: spotify.js
[Server(608463) Discord/] Document changed: spotify.js
[Server(608463) Discord/] Document changed: spotify.js
[Server(608463) Discord/] Document changed: spotify.js
[Server(608463) Discord/] Document changed: spotify.js
[Server(608463) Discord/] Document changed: spotify.js
[Server(608463) Discord/] Document changed: spotify.js
[Server(608463) Discord/] Document changed: spotify.js
[Server(608463) Discord/] Document changed: spotify.js
[Server(608463) Discord/] Document changed: spotify.js
[Server(608463) Discord/] Document changed: spotify.js
[Server(608463) Discord/] Document changed: spotify.js
[Server(608463) Discord/] Document changed: spotify.js
[Server(608463) Discord/] Document changed: spotify.js
[Server(608463) Discord/] Document changed: spotify.js
[Server(608463) Discord/] Document changed: spotify.js
[Server(608463) Discord/] Document changed: spotify.js
[Server(608463) Discord/] Document changed: spotify.js
[Server(608463) Discord/] Document changed: spotify.js
[Server(608463) Discord/] Document changed: spotify.js
[Server(608463) Discord/] Document changed: spotify.js
[Server(608463) Discord/] Document changed: spotify.js
[Server(608463) Discord/] Document changed: spotify.js
[Server(608463) Discord/] Document changed: spotify.js
[Server(608463) Discord/] Document changed: spotify.js
[Server(608463) Discord/] Document changed: spotify.js
[Server(608463) Discord/] Document changed: spotify.js
[Server(608463) Discord/] Document changed: spotify.js
[Server(608463) Discord/] Document changed: spotify.js
[Server(608463) Discord/] Document changed: spotify.js
[Server(608463) Discord/] Document changed: spotify.js
[Server(608463) Discord/] Document changed: spotify.js
[Server(608463) Discord/] Document changed: spotify.js
[Server(608463) Discord/] Document changed: spotify.js
[Server(608463) Discord/] Document changed: spotify.js
[Server(608463) Discord/] Document changed: spotify.js
[Server(608463) Discord/] Document changed: spotify.js
[Server(608463) Discord/] Document changed: spotify.js
[Server(608463) Discord/] Document changed: spotify.js
[Server(608463) Discord/] Document changed: spotify.js
[Server(608463) Discord/] Document changed: spotify.js
[Server(608463) Discord/] Document changed: spotify.js
[Server(608463) Discord/] Document changed: spotify.js
[Server(608463) Discord/] Document changed: spotify.js
[Server(608463) Discord/] Document changed: spotify.js
[Server(608463) Discord/] Document changed: spotify.js
[Server(608463) Discord/] Document changed: spotify.js
[Server(608463) Discord/] Document changed: spotify.js
[Server(608463) Discord/] Document changed: spotify.js
[Server(608463) Discord/] Document changed: spotify.js
[Server(608463) Discord/] Document changed: spotify.js
[Server(608463) Discord/] Document changed: spotify.js
[Server(608463) Discord/] Document changed: spotify.js
[Server(608463) Discord/] Document changed: spotify.js
[Server(608463) Discord/] Document changed: spotify.js
[Server(608463) Discord/] Document changed: spotify.js
[Server(608463) Discord/] Document changed: spotify.js
[Server(608463) Discord/] Document changed: spotify.js
[Server(608463) Discord/] Document changed: spotify.js
[Server(608463) Discord/] Document changed: spotify.js
[Server(608463) Discord/] Document changed: spotify.js
[Server(608463) Discord/] Document changed: spotify.js
[Server(608463) Discord/] Document changed: spotify.js
[Server(608463) Discord/] Document changed: spotify.js
[Server(608463) Discord/] Document changed: spotify.js
[Server(608463) Discord/] Document changed: spotify.js
[Server(608463) Discord/] Document changed: spotify.js
[Server(608463) Discord/] Document changed: spotify.js
[Server(608463) Discord/] Document changed: spotify.js
[Server(608463) Discord/] Document changed: spotify.js
[Server(608463) Discord/] Document changed: spotify.js
[Server(608463) Discord/] Document changed: spotify.js
[Server(608463) Discord/] Document changed: spotify.js
[Server(608463) Discord/] Document changed: spotify.js
[Server(608463) Discord/] Document changed: spotify.js
[Server(608463) Discord/] Document changed: spotify.js
[Server(608463) Discord/] Document changed: spotify.js
[Server(608463) Discord/] Document changed: spotify.js
[Server(608463) Discord/] Document changed: spotify.js
[Server(608463) Discord/] Document changed: spotify.js
[Server(608463) Discord/] Document changed: spotify.js
[Server(608463) Discord/] Document changed: spotify.js
[Server(608463) Discord/] Document changed: spotify.js
[Server(608463) Discord/] Document changed: spotify.js
[Server(608463) Discord/] Document changed: spotify.js
[Server(608463) Discord/] Document changed: spotify.js
[Server(608463) Discord/] Document changed: spotify.js
[Server(608463) Discord/] Document changed: spotify.js
[Server(608463) Discord/] Document changed: spotify.js
[Server(608463) Discord/] Document changed: spotify.js
[Server(608463) Discord/] Document changed: spotify.js
[Server(608463) Discord/] Document changed: spotify.js
[Server(608463) Discord/] Document changed: spotify.js
[Server(608463) Discord/] Document changed: spotify.js
[Server(608463) Discord/] Document changed: spotify.js
[Server(608463) Discord/] Document changed: spotify.js
[Server(608463) Discord/] Document changed: spotify.js
[Server(608463) Discord/] Document changed: spotify.js
[Server(608463) Discord/] Document changed: spotify.js
[Server(608463) Discord/] Document changed: spotify.js
[Server(608463) Discord/] Document changed: spotify.js
[Server(608463) Discord/] Document changed: spotify.js
[Server(608463) Discord/] Document changed: spotify.js
[Server(608463) Discord/] Document changed: spotify.js
[Server(608463) Discord/] Document changed: spotify.js
[Server(608463) Discord/] Document changed: spotify.js
[Server(608463) Discord/] Document changed: spotify.js
[Server(608463) Discord/] Document changed: spotify.js
[Server(608463) Discord/] Document changed: spotify.js
fcecfc72172e4cd267473117a17cbd4d 397
  Artist 128 134
  Query 157 162
  2 589 590
Invalid Selector
[Server(608463) Discord/] Document changed: spotify.js
4963f674860c401b82de25e691baae46 397
  Artist 128 134
  Query 157 162
  2 589 590
Invalid Selector
a6338157c9bb5ac9c71924cb2940e1a7 457
  Artist 128 134
  Query 157 162
  2 589 590
Invalid Selector
[Server(608463) Discord/] Document changed: spotify.js
[Server(608463) Discord/] Document changed: spotify.js
[Server(608463) Discord/] Document changed: spotify.js
[Server(608463) Discord/] Document changed: spotify.js
[Server(608463) Discord/] Document changed: spotify.js
[Server(608463) Discord/] Document changed: spotify.js
[Server(608463) Discord/] Document changed: spotify.js
[Server(608463) Discord/] Document changed: spotify.js
[Server(608463) Discord/] Document changed: spotify.js
[Server(608463) Discord/] Document changed: spotify.js
[Server(608463) Discord/] Document changed: spotify.js
[Server(608463) Discord/] Document changed: spotify.js
[Server(608463) Discord/] Document changed: spotify.js
[Server(608463) Discord/] Document changed: spotify.js
[Server(608463) Discord/] Document changed: spotify.js
[Server(608463) Discord/] Document changed: spotify.js
[Server(608463) Discord/] Document changed: spotify.js
[Server(608463) Discord/] Document changed: spotify.js
[Server(608463) Discord/] Document changed: spotify.js
[Server(608463) Discord/] Document changed: spotify.js
[Server(608463) Discord/] Document changed: spotify.js
[Server(608463) Discord/] Document changed: spotify.js
[Server(608463) Discord/] Document changed: spotify.js
[Server(608463) Discord/] Document changed: spotify.js
[Server(608463) Discord/] Document changed: spotify.js
[Server(608463) Discord/] Document changed: spotify.js
[Server(608463) Discord/] Document changed: spotify.js
[Server(608463) Discord/] Document changed: spotify.js
[Server(608463) Discord/] Document changed: spotify.js
[Server(608463) Discord/] Document changed: spotify.js
[Server(608463) Discord/] Document changed: spotify.js
[Server(608463) Discord/] Document changed: spotify.js
[Server(608463) Discord/] Document changed: spotify.js
[Server(608463) Discord/] Document changed: spotify.js
[Server(608463) Discord/] Document changed: spotify.js
[Server(608463) Discord/] Document changed: spotify.js
[Server(608463) Discord/] Document changed: spotify.js
[Server(608463) Discord/] Document changed: spotify.js
[Server(608463) Discord/] Document changed: spotify.js
[Server(608463) Discord/] Document changed: spotify.js
